<?xml version="1.0" encoding="UTF-8"?>
<testsuite name="hello.core.CoreApplicationTests" tests="1" skipped="0" failures="0" errors="0" timestamp="2024-04-25T13:54:20" hostname="DESKTOP-DQN4VPB" time="0.988">
  <properties/>
  <testcase name="contextLoads()" classname="hello.core.CoreApplicationTests" time="0.988"/>
  <system-out><![CDATA[22:54:18.557 [Test worker] DEBUG o.s.b.t.c.SpringBootTestContextBootstrapper -- Neither @ContextConfiguration nor @ContextHierarchy found for test class [CoreApplicationTests]: using SpringBootContextLoader
22:54:18.566 [Test worker] DEBUG o.s.t.c.s.AbstractContextLoader -- Could not detect default resource locations for test class [hello.core.CoreApplicationTests]: no resource found for suffixes {-context.xml, Context.groovy}.
22:54:18.567 [Test worker] INFO  o.s.t.c.s.AnnotationConfigContextLoaderUtils -- Could not detect default configuration classes for test class [hello.core.CoreApplicationTests]: CoreApplicationTests does not declare any static, non-private, non-final, nested classes annotated with @Configuration.
22:54:18.577 [Test worker] DEBUG o.s.b.t.c.SpringBootTestContextBootstrapper -- Using ContextCustomizerFactory implementations for test class [CoreApplicationTests]: [OverrideAutoConfigurationContextCustomizerFactory, ObservabilityContextCustomizerFactory, TypeExcludeFiltersContextCustomizerFactory, PropertyMappingContextCustomizerFactory, WebDriverContextCustomizerFactory, ImportsContextCustomizerFactory, ExcludeFilterContextCustomizerFactory, HttpGraphQlTesterContextCustomizerFactory, DuplicateJsonObjectContextCustomizerFactory, MockitoContextCustomizerFactory, TestRestTemplateContextCustomizerFactory, WebTestClientContextCustomizerFactory, MockServerContainerContextCustomizerFactory, DynamicPropertiesContextCustomizerFactory]
22:54:18.591 [Test worker] DEBUG o.s.b.t.c.SpringBootTestContextBootstrapper -- Using ContextCustomizers for test class [CoreApplicationTests]: [DisableObservabilityContextCustomizer, PropertyMappingContextCustomizer, WebDriverContextCustomizer, ExcludeFilterContextCustomizer, DuplicateJsonObjectContextCustomizer, MockitoContextCustomizer, TestRestTemplateContextCustomizer]
22:54:18.669 [Test worker] DEBUG o.s.c.a.ClassPathScanningCandidateComponentProvider -- Identified candidate component class: file [C:\Users\LJS\Desktop\포폴\inflearn_tutorial\스프링 핵심 원리 - 기본편\core\build\classes\java\main\hello\core\CoreApplication.class]
22:54:18.672 [Test worker] INFO  o.s.b.t.c.SpringBootTestContextBootstrapper -- Found @SpringBootConfiguration hello.core.CoreApplication for test class hello.core.CoreApplicationTests
22:54:18.744 [Test worker] DEBUG o.s.t.c.u.TestContextSpringFactoriesUtils -- Skipping candidate TestExecutionListener [org.springframework.test.context.observation.MicrometerObservationRegistryTestExecutionListener] due to a missing dependency. Specify custom TestExecutionListener classes or make the default TestExecutionListener classes and their required dependencies available. Offending class: io.micrometer.context.ThreadLocalAccessor. MicrometerObservationRegistryTestExecutionListener requires io.micrometer:micrometer-observation:1.10.8 or higher and io.micrometer:context-propagation:1.0.3 or higher.
22:54:18.745 [Test worker] DEBUG o.s.t.c.u.TestContextSpringFactoriesUtils -- Skipping candidate TestExecutionListener [org.springframework.test.context.transaction.TransactionalTestExecutionListener] due to a missing dependency. Specify custom TestExecutionListener classes or make the default TestExecutionListener classes and their required dependencies available. Offending class: org/springframework/transaction/interceptor/TransactionAttributeSource
22:54:18.747 [Test worker] DEBUG o.s.t.c.u.TestContextSpringFactoriesUtils -- Skipping candidate TestExecutionListener [org.springframework.test.context.jdbc.SqlScriptsTestExecutionListener] due to a missing dependency. Specify custom TestExecutionListener classes or make the default TestExecutionListener classes and their required dependencies available. Offending class: org/springframework/transaction/interceptor/TransactionAttribute
22:54:18.748 [Test worker] DEBUG o.s.b.t.c.SpringBootTestContextBootstrapper -- Using TestExecutionListeners for test class [CoreApplicationTests]: [ServletTestExecutionListener, DirtiesContextBeforeModesTestExecutionListener, ApplicationEventsTestExecutionListener, MockitoTestExecutionListener, DependencyInjectionTestExecutionListener, DirtiesContextTestExecutionListener, EventPublishingTestExecutionListener, RestDocsTestExecutionListener, MockRestServiceServerResetTestExecutionListener, MockMvcPrintOnlyOnFailureTestExecutionListener, WebDriverTestExecutionListener, MockWebServiceServerTestExecutionListener, ResetMocksTestExecutionListener]
22:54:18.750 [Test worker] DEBUG o.s.t.c.s.DirtiesContextBeforeModesTestExecutionListener -- Before test class: class [CoreApplicationTests], class annotated with @DirtiesContext [false] with mode [null]

  .   ____          _            __ _ _
 /\\ / ___'_ __ _ _(_)_ __  __ _ \ \ \ \
( ( )\___ | '_ | '_| | '_ \/ _` | \ \ \ \
 \\/  ___)| |_)| | | | | || (_| |  ) ) ) )
  '  |____| .__|_| |_|_| |_\__, | / / / /
 =========|_|==============|___/=/_/_/_/
 :: Spring Boot ::                (v3.2.4)

22:54:18.967 [Test worker] INFO  hello.core.CoreApplicationTests -- Starting CoreApplicationTests using Java 17.0.10 with PID 996 (started by LJS in C:\Users\LJS\Desktop\포폴\inflearn_tutorial\스프링 핵심 원리 - 기본편\core)
22:54:18.968 [Test worker] DEBUG hello.core.CoreApplicationTests -- Running with Spring Boot v3.2.4, Spring v6.1.5
22:54:18.969 [Test worker] INFO  hello.core.CoreApplicationTests -- No active profile set, falling back to 1 default profile: "default"
22:54:18.969 [Test worker] DEBUG o.s.boot.SpringApplication -- Loading source class hello.core.CoreApplication
22:54:19.006 [Test worker] DEBUG o.s.w.c.s.GenericWebApplicationContext -- Refreshing org.springframework.web.context.support.GenericWebApplicationContext@109d724c
22:54:19.039 [Test worker] DEBUG o.s.b.f.s.DefaultListableBeanFactory -- Creating shared instance of singleton bean 'org.springframework.context.annotation.internalConfigurationAnnotationProcessor'
22:54:19.059 [Test worker] DEBUG o.s.b.f.s.DefaultListableBeanFactory -- Creating shared instance of singleton bean 'org.springframework.boot.autoconfigure.internalCachingMetadataReaderFactory'
22:54:19.120 [Test worker] DEBUG o.s.c.a.ClassPathBeanDefinitionScanner -- Identified candidate component class: file [C:\Users\LJS\Desktop\포폴\inflearn_tutorial\스프링 핵심 원리 - 기본편\core\build\classes\java\main\hello\core\AppConfig.class]
22:54:19.121 [Test worker] DEBUG o.s.c.a.ClassPathBeanDefinitionScanner -- Identified candidate component class: file [C:\Users\LJS\Desktop\포폴\inflearn_tutorial\스프링 핵심 원리 - 기본편\core\build\classes\java\main\hello\core\AutoAppConfig.class]
22:54:19.121 [Test worker] DEBUG o.s.c.a.ClassPathBeanDefinitionScanner -- Identified candidate component class: file [C:\Users\LJS\Desktop\포폴\inflearn_tutorial\스프링 핵심 원리 - 기본편\core\build\classes\java\main\hello\core\common\MyLogger.class]
22:54:19.122 [Test worker] DEBUG o.s.c.a.ClassPathBeanDefinitionScanner -- Identified candidate component class: file [C:\Users\LJS\Desktop\포폴\inflearn_tutorial\스프링 핵심 원리 - 기본편\core\build\classes\java\main\hello\core\discount\FixDiscountPolicy.class]
22:54:19.125 [Test worker] DEBUG o.s.c.a.ClassPathBeanDefinitionScanner -- Identified candidate component class: file [C:\Users\LJS\Desktop\포폴\inflearn_tutorial\스프링 핵심 원리 - 기본편\core\build\classes\java\main\hello\core\discount\RateDiscountPolicy.class]
22:54:19.127 [Test worker] DEBUG o.s.c.a.ClassPathBeanDefinitionScanner -- Identified candidate component class: file [C:\Users\LJS\Desktop\포폴\inflearn_tutorial\스프링 핵심 원리 - 기본편\core\build\classes\java\main\hello\core\member\MemberServiceImpl.class]
22:54:19.128 [Test worker] DEBUG o.s.c.a.ClassPathBeanDefinitionScanner -- Identified candidate component class: file [C:\Users\LJS\Desktop\포폴\inflearn_tutorial\스프링 핵심 원리 - 기본편\core\build\classes\java\main\hello\core\member\MemoryMemberRepository.class]
22:54:19.129 [Test worker] DEBUG o.s.c.a.ClassPathBeanDefinitionScanner -- Identified candidate component class: file [C:\Users\LJS\Desktop\포폴\inflearn_tutorial\스프링 핵심 원리 - 기본편\core\build\classes\java\main\hello\core\order\OrderServiceImpl.class]
22:54:19.146 [Test worker] DEBUG o.s.c.a.ClassPathBeanDefinitionScanner -- Identified candidate component class: file [C:\Users\LJS\Desktop\포폴\inflearn_tutorial\스프링 핵심 원리 - 기본편\core\build\classes\java\main\hello\core\common\MyLogger.class]
22:54:19.146 [Test worker] DEBUG o.s.c.a.ClassPathBeanDefinitionScanner -- Identified candidate component class: file [C:\Users\LJS\Desktop\포폴\inflearn_tutorial\스프링 핵심 원리 - 기본편\core\build\classes\java\main\hello\core\discount\FixDiscountPolicy.class]
22:54:19.146 [Test worker] DEBUG o.s.c.a.ClassPathBeanDefinitionScanner -- Identified candidate component class: file [C:\Users\LJS\Desktop\포폴\inflearn_tutorial\스프링 핵심 원리 - 기본편\core\build\classes\java\main\hello\core\discount\RateDiscountPolicy.class]
22:54:19.146 [Test worker] DEBUG o.s.c.a.ClassPathBeanDefinitionScanner -- Identified candidate component class: file [C:\Users\LJS\Desktop\포폴\inflearn_tutorial\스프링 핵심 원리 - 기본편\core\build\classes\java\main\hello\core\member\MemberServiceImpl.class]
22:54:19.146 [Test worker] DEBUG o.s.c.a.ClassPathBeanDefinitionScanner -- Identified candidate component class: file [C:\Users\LJS\Desktop\포폴\inflearn_tutorial\스프링 핵심 원리 - 기본편\core\build\classes\java\main\hello\core\member\MemoryMemberRepository.class]
22:54:19.146 [Test worker] DEBUG o.s.c.a.ClassPathBeanDefinitionScanner -- Identified candidate component class: file [C:\Users\LJS\Desktop\포폴\inflearn_tutorial\스프링 핵심 원리 - 기본편\core\build\classes\java\main\hello\core\order\OrderServiceImpl.class]
22:54:19.672 [Test worker] DEBUG o.s.b.f.s.DefaultListableBeanFactory -- Creating shared instance of singleton bean 'propertySourcesPlaceholderConfigurer'
22:54:19.678 [Test worker] DEBUG o.s.b.f.s.DefaultListableBeanFactory -- Creating shared instance of singleton bean 'org.springframework.boot.test.mock.mockito.MockitoPostProcessor'
22:54:19.682 [Test worker] DEBUG o.s.b.f.s.DefaultListableBeanFactory -- Creating shared instance of singleton bean 'org.springframework.boot.sql.init.dependency.DatabaseInitializationDependencyConfigurer$DependsOnDatabaseInitializationPostProcessor'
22:54:19.703 [Test worker] DEBUG o.s.b.f.s.DefaultListableBeanFactory -- Creating shared instance of singleton bean 'org.springframework.context.event.internalEventListenerProcessor'
22:54:19.704 [Test worker] DEBUG o.s.b.f.s.DefaultListableBeanFactory -- Creating shared instance of singleton bean 'preserveErrorControllerTargetClassPostProcessor'
22:54:19.705 [Test worker] DEBUG o.s.b.f.s.DefaultListableBeanFactory -- Creating shared instance of singleton bean 'forceAutoProxyCreatorToUseClassProxying'
22:54:19.706 [Test worker] DEBUG o.s.b.f.s.DefaultListableBeanFactory -- Creating shared instance of singleton bean 'org.springframework.context.event.internalEventListenerFactory'
22:54:19.715 [Test worker] DEBUG o.s.b.f.s.DefaultListableBeanFactory -- Creating shared instance of singleton bean 'org.springframework.boot.test.mock.mockito.MockitoPostProcessor$SpyPostProcessor'
22:54:19.716 [Test worker] DEBUG o.s.b.f.s.DefaultListableBeanFactory -- Creating shared instance of singleton bean 'org.springframework.context.annotation.internalAutowiredAnnotationProcessor'
22:54:19.717 [Test worker] DEBUG o.s.b.f.s.DefaultListableBeanFactory -- Creating shared instance of singleton bean 'org.springframework.context.annotation.internalCommonAnnotationProcessor'
22:54:19.721 [Test worker] DEBUG o.s.b.f.s.DefaultListableBeanFactory -- Creating shared instance of singleton bean 'org.springframework.boot.context.properties.ConfigurationPropertiesBindingPostProcessor'
22:54:19.722 [Test worker] DEBUG o.s.b.f.s.DefaultListableBeanFactory -- Creating shared instance of singleton bean 'org.springframework.boot.context.internalConfigurationPropertiesBinder'
22:54:19.724 [Test worker] DEBUG o.s.b.f.s.DefaultListableBeanFactory -- Creating shared instance of singleton bean 'org.springframework.aop.config.internalAutoProxyCreator'
22:54:19.734 [Test worker] DEBUG o.s.b.f.s.DefaultListableBeanFactory -- Creating shared instance of singleton bean 'webServerFactoryCustomizerBeanPostProcessor'
22:54:19.735 [Test worker] DEBUG o.s.b.f.s.DefaultListableBeanFactory -- Creating shared instance of singleton bean 'errorPageRegistrarBeanPostProcessor'
22:54:19.738 [Test worker] DEBUG o.s.u.c.s.UiApplicationContextUtils -- Unable to locate ThemeSource with name 'themeSource': using default [org.springframework.ui.context.support.ResourceBundleThemeSource@5d1e0fbb]
22:54:19.740 [Test worker] DEBUG o.s.b.f.s.DefaultListableBeanFactory -- Creating shared instance of singleton bean 'coreApplication'
22:54:19.743 [Test worker] DEBUG o.s.b.f.s.DefaultListableBeanFactory -- Creating shared instance of singleton bean 'appConfig'
22:54:19.744 [Test worker] DEBUG o.s.b.f.s.DefaultListableBeanFactory -- Creating shared instance of singleton bean 'autoAppConfig'
22:54:19.744 [Test worker] DEBUG o.s.b.f.s.DefaultListableBeanFactory -- Creating shared instance of singleton bean 'fixDiscountPolicy'
22:54:19.744 [Test worker] DEBUG o.s.b.f.s.DefaultListableBeanFactory -- Creating shared instance of singleton bean 'rateDiscountPolicy'
22:54:19.745 [Test worker] DEBUG o.s.b.f.s.DefaultListableBeanFactory -- Creating shared instance of singleton bean 'memberServiceImpl'
22:54:19.748 [Test worker] DEBUG o.s.b.f.s.DefaultListableBeanFactory -- Creating shared instance of singleton bean 'memberRepository'
22:54:19.749 [Test worker] DEBUG o.s.b.f.s.DefaultListableBeanFactory -- Autowiring by type from bean name 'memberServiceImpl' via constructor to bean named 'memberRepository'
22:54:19.750 [Test worker] DEBUG o.s.b.f.s.DefaultListableBeanFactory -- Creating shared instance of singleton bean 'memoryMemberRepository'
22:54:19.750 [Test worker] DEBUG o.s.b.f.s.DefaultListableBeanFactory -- Creating shared instance of singleton bean 'orderServiceImpl'
22:54:19.753 [Test worker] DEBUG o.s.b.f.s.DefaultListableBeanFactory -- Autowiring by type from bean name 'orderServiceImpl' via constructor to bean named 'memberRepository'
22:54:19.753 [Test worker] DEBUG o.s.b.f.s.DefaultListableBeanFactory -- Autowiring by type from bean name 'orderServiceImpl' via constructor to bean named 'rateDiscountPolicy'
22:54:19.755 [Test worker] DEBUG o.s.b.f.s.DefaultListableBeanFactory -- Creating shared instance of singleton bean 'memberService'
22:54:19.755 [Test worker] DEBUG o.s.b.f.s.DefaultListableBeanFactory -- Creating shared instance of singleton bean 'orderService'
22:54:19.756 [Test worker] DEBUG o.s.b.f.s.DefaultListableBeanFactory -- Creating shared instance of singleton bean 'discountPolicy'
22:54:19.756 [Test worker] DEBUG o.s.b.f.s.DefaultListableBeanFactory -- Creating shared instance of singleton bean 'org.springframework.boot.autoconfigure.AutoConfigurationPackages'
22:54:19.757 [Test worker] DEBUG o.s.b.f.s.DefaultListableBeanFactory -- Creating shared instance of singleton bean 'org.springframework.boot.autoconfigure.context.PropertyPlaceholderAutoConfiguration'
22:54:19.757 [Test worker] DEBUG o.s.b.f.s.DefaultListableBeanFactory -- Creating shared instance of singleton bean 'org.springframework.boot.autoconfigure.ssl.SslAutoConfiguration'
22:54:19.757 [Test worker] DEBUG o.s.b.f.s.DefaultListableBeanFactory -- Creating shared instance of singleton bean 'spring.ssl-org.springframework.boot.autoconfigure.ssl.SslProperties'
22:54:19.759 [Test worker] DEBUG o.s.b.f.s.DefaultListableBeanFactory -- Creating shared instance of singleton bean 'org.springframework.boot.context.properties.BoundConfigurationProperties'
22:54:19.770 [Test worker] DEBUG o.s.b.f.s.DefaultListableBeanFactory -- Autowiring by type from bean name 'org.springframework.boot.autoconfigure.ssl.SslAutoConfiguration' via constructor to bean named 'spring.ssl-org.springframework.boot.autoconfigure.ssl.SslProperties'
22:54:19.771 [Test worker] DEBUG o.s.b.f.s.DefaultListableBeanFactory -- Creating shared instance of singleton bean 'fileWatcher'
22:54:19.772 [Test worker] DEBUG o.s.b.f.s.DefaultListableBeanFactory -- Creating shared instance of singleton bean 'sslPropertiesSslBundleRegistrar'
22:54:19.773 [Test worker] DEBUG o.s.b.f.s.DefaultListableBeanFactory -- Autowiring by type from bean name 'sslPropertiesSslBundleRegistrar' via factory method to bean named 'fileWatcher'
22:54:19.776 [Test worker] DEBUG o.s.b.f.s.DefaultListableBeanFactory -- Creating shared instance of singleton bean 'sslBundleRegistry'
22:54:19.784 [Test worker] DEBUG o.s.b.f.s.DefaultListableBeanFactory -- Creating shared instance of singleton bean 'org.springframework.boot.context.properties.EnableConfigurationPropertiesRegistrar.methodValidationExcludeFilter'
22:54:19.790 [Test worker] DEBUG o.s.b.f.s.DefaultListableBeanFactory -- Creating shared instance of singleton bean 'org.springframework.boot.autoconfigure.websocket.servlet.WebSocketServletAutoConfiguration$TomcatWebSocketConfiguration'
22:54:19.790 [Test worker] DEBUG o.s.b.f.s.DefaultListableBeanFactory -- Creating shared instance of singleton bean 'websocketServletWebServerCustomizer'
22:54:19.795 [Test worker] DEBUG o.s.b.f.s.DefaultListableBeanFactory -- Creating shared instance of singleton bean 'org.springframework.boot.autoconfigure.websocket.servlet.WebSocketServletAutoConfiguration'
22:54:19.795 [Test worker] DEBUG o.s.b.f.s.DefaultListableBeanFactory -- Creating shared instance of singleton bean 'org.springframework.boot.autoconfigure.web.servlet.ServletWebServerFactoryConfiguration$EmbeddedTomcat'
22:54:19.796 [Test worker] DEBUG o.s.b.f.s.DefaultListableBeanFactory -- Creating shared instance of singleton bean 'tomcatServletWebServerFactory'
22:54:19.848 [Test worker] DEBUG o.s.b.f.s.DefaultListableBeanFactory -- Creating shared instance of singleton bean 'servletWebServerFactoryCustomizer'
22:54:19.848 [Test worker] DEBUG o.s.b.f.s.DefaultListableBeanFactory -- Creating shared instance of singleton bean 'org.springframework.boot.autoconfigure.web.servlet.ServletWebServerFactoryAutoConfiguration'
22:54:19.848 [Test worker] DEBUG o.s.b.f.s.DefaultListableBeanFactory -- Creating shared instance of singleton bean 'server-org.springframework.boot.autoconfigure.web.ServerProperties'
22:54:19.863 [Test worker] DEBUG o.s.b.f.s.DefaultListableBeanFactory -- Autowiring by type from bean name 'servletWebServerFactoryCustomizer' via factory method to bean named 'server-org.springframework.boot.autoconfigure.web.ServerProperties'
22:54:19.864 [Test worker] DEBUG o.s.b.f.s.DefaultListableBeanFactory -- Creating shared instance of singleton bean 'tomcatServletWebServerFactoryCustomizer'
22:54:19.865 [Test worker] DEBUG o.s.b.f.s.DefaultListableBeanFactory -- Autowiring by type from bean name 'tomcatServletWebServerFactoryCustomizer' via factory method to bean named 'server-org.springframework.boot.autoconfigure.web.ServerProperties'
22:54:19.865 [Test worker] DEBUG o.s.b.f.s.DefaultListableBeanFactory -- Creating shared instance of singleton bean 'localeCharsetMappingsCustomizer'
22:54:19.865 [Test worker] DEBUG o.s.b.f.s.DefaultListableBeanFactory -- Creating shared instance of singleton bean 'org.springframework.boot.autoconfigure.web.servlet.HttpEncodingAutoConfiguration'
22:54:19.867 [Test worker] DEBUG o.s.b.f.s.DefaultListableBeanFactory -- Autowiring by type from bean name 'org.springframework.boot.autoconfigure.web.servlet.HttpEncodingAutoConfiguration' via constructor to bean named 'server-org.springframework.boot.autoconfigure.web.ServerProperties'
22:54:19.885 [Test worker] DEBUG o.s.b.f.s.DefaultListableBeanFactory -- Creating shared instance of singleton bean 'errorPageCustomizer'
22:54:19.886 [Test worker] DEBUG o.s.b.f.s.DefaultListableBeanFactory -- Creating shared instance of singleton bean 'org.springframework.boot.autoconfigure.web.servlet.error.ErrorMvcAutoConfiguration'
22:54:19.886 [Test worker] DEBUG o.s.b.f.s.DefaultListableBeanFactory -- Autowiring by type from bean name 'org.springframework.boot.autoconfigure.web.servlet.error.ErrorMvcAutoConfiguration' via constructor to bean named 'server-org.springframework.boot.autoconfigure.web.ServerProperties'
22:54:19.887 [Test worker] DEBUG o.s.b.f.s.DefaultListableBeanFactory -- Creating shared instance of singleton bean 'dispatcherServletRegistration'
22:54:19.887 [Test worker] DEBUG o.s.b.f.s.DefaultListableBeanFactory -- Creating shared instance of singleton bean 'org.springframework.boot.autoconfigure.web.servlet.DispatcherServletAutoConfiguration$DispatcherServletRegistrationConfiguration'
22:54:19.888 [Test worker] DEBUG o.s.b.f.s.DefaultListableBeanFactory -- Creating shared instance of singleton bean 'dispatcherServlet'
22:54:19.889 [Test worker] DEBUG o.s.b.f.s.DefaultListableBeanFactory -- Creating shared instance of singleton bean 'org.springframework.boot.autoconfigure.web.servlet.DispatcherServletAutoConfiguration$DispatcherServletConfiguration'
22:54:19.890 [Test worker] DEBUG o.s.b.f.s.DefaultListableBeanFactory -- Creating shared instance of singleton bean 'spring.mvc-org.springframework.boot.autoconfigure.web.servlet.WebMvcProperties'
22:54:19.893 [Test worker] DEBUG o.s.b.f.s.DefaultListableBeanFactory -- Autowiring by type from bean name 'dispatcherServlet' via factory method to bean named 'spring.mvc-org.springframework.boot.autoconfigure.web.servlet.WebMvcProperties'
22:54:19.907 [Test worker] DEBUG o.s.b.f.s.DefaultListableBeanFactory -- Autowiring by type from bean name 'dispatcherServletRegistration' via factory method to bean named 'dispatcherServlet'
22:54:19.907 [Test worker] DEBUG o.s.b.f.s.DefaultListableBeanFactory -- Autowiring by type from bean name 'dispatcherServletRegistration' via factory method to bean named 'spring.mvc-org.springframework.boot.autoconfigure.web.servlet.WebMvcProperties'
22:54:19.909 [Test worker] DEBUG o.s.b.f.s.DefaultListableBeanFactory -- Creating shared instance of singleton bean 'multipartConfigElement'
22:54:19.909 [Test worker] DEBUG o.s.b.f.s.DefaultListableBeanFactory -- Creating shared instance of singleton bean 'org.springframework.boot.autoconfigure.web.servlet.MultipartAutoConfiguration'
22:54:19.909 [Test worker] DEBUG o.s.b.f.s.DefaultListableBeanFactory -- Creating shared instance of singleton bean 'spring.servlet.multipart-org.springframework.boot.autoconfigure.web.servlet.MultipartProperties'
22:54:19.912 [Test worker] DEBUG o.s.b.f.s.DefaultListableBeanFactory -- Autowiring by type from bean name 'org.springframework.boot.autoconfigure.web.servlet.MultipartAutoConfiguration' via constructor to bean named 'spring.servlet.multipart-org.springframework.boot.autoconfigure.web.servlet.MultipartProperties'
22:54:19.916 [Test worker] DEBUG o.s.b.f.s.DefaultListableBeanFactory -- Autowiring by type from bean name 'errorPageCustomizer' via factory method to bean named 'dispatcherServletRegistration'
22:54:19.917 [Test worker] DEBUG o.s.b.f.s.DefaultListableBeanFactory -- Creating shared instance of singleton bean 'org.springframework.boot.autoconfigure.web.servlet.DispatcherServletAutoConfiguration'
22:54:19.917 [Test worker] DEBUG o.s.b.f.s.DefaultListableBeanFactory -- Creating shared instance of singleton bean 'org.springframework.boot.autoconfigure.task.TaskExecutorConfigurations$ThreadPoolTaskExecutorBuilderConfiguration'
22:54:19.919 [Test worker] DEBUG o.s.b.f.s.DefaultListableBeanFactory -- Creating shared instance of singleton bean 'threadPoolTaskExecutorBuilder'
22:54:19.920 [Test worker] DEBUG o.s.b.f.s.DefaultListableBeanFactory -- Creating shared instance of singleton bean 'spring.task.execution-org.springframework.boot.autoconfigure.task.TaskExecutionProperties'
22:54:19.921 [Test worker] DEBUG o.s.b.f.s.DefaultListableBeanFactory -- Autowiring by type from bean name 'threadPoolTaskExecutorBuilder' via factory method to bean named 'spring.task.execution-org.springframework.boot.autoconfigure.task.TaskExecutionProperties'
22:54:19.923 [Test worker] DEBUG o.s.b.f.s.DefaultListableBeanFactory -- Creating shared instance of singleton bean 'org.springframework.boot.autoconfigure.task.TaskExecutorConfigurations$TaskExecutorBuilderConfiguration'
22:54:19.924 [Test worker] DEBUG o.s.b.f.s.DefaultListableBeanFactory -- Creating shared instance of singleton bean 'taskExecutorBuilder'
22:54:19.924 [Test worker] DEBUG o.s.b.f.s.DefaultListableBeanFactory -- Autowiring by type from bean name 'taskExecutorBuilder' via factory method to bean named 'spring.task.execution-org.springframework.boot.autoconfigure.task.TaskExecutionProperties'
22:54:19.925 [Test worker] DEBUG o.s.b.f.s.DefaultListableBeanFactory -- Creating shared instance of singleton bean 'org.springframework.boot.autoconfigure.task.TaskExecutorConfigurations$SimpleAsyncTaskExecutorBuilderConfiguration'
22:54:19.926 [Test worker] DEBUG o.s.b.f.s.DefaultListableBeanFactory -- Autowiring by type from bean name 'org.springframework.boot.autoconfigure.task.TaskExecutorConfigurations$SimpleAsyncTaskExecutorBuilderConfiguration' via constructor to bean named 'spring.task.execution-org.springframework.boot.autoconfigure.task.TaskExecutionProperties'
22:54:19.927 [Test worker] DEBUG o.s.b.f.s.DefaultListableBeanFactory -- Creating shared instance of singleton bean 'simpleAsyncTaskExecutorBuilder'
22:54:19.928 [Test worker] DEBUG o.s.b.f.s.DefaultListableBeanFactory -- Creating shared instance of singleton bean 'org.springframework.boot.autoconfigure.task.TaskExecutorConfigurations$TaskExecutorConfiguration'
22:54:19.929 [Test worker] DEBUG o.s.b.f.s.DefaultListableBeanFactory -- Creating shared instance of singleton bean 'org.springframework.boot.autoconfigure.task.TaskExecutionAutoConfiguration'
22:54:19.929 [Test worker] DEBUG o.s.b.f.s.DefaultListableBeanFactory -- Creating shared instance of singleton bean 'org.springframework.boot.autoconfigure.web.servlet.error.ErrorMvcAutoConfiguration$WhitelabelErrorViewConfiguration'
22:54:19.930 [Test worker] DEBUG o.s.b.f.s.DefaultListableBeanFactory -- Creating shared instance of singleton bean 'error'
22:54:19.930 [Test worker] DEBUG o.s.b.f.s.DefaultListableBeanFactory -- Creating shared instance of singleton bean 'beanNameViewResolver'
22:54:19.934 [Test worker] DEBUG o.s.b.f.s.DefaultListableBeanFactory -- Creating shared instance of singleton bean 'org.springframework.boot.autoconfigure.web.servlet.error.ErrorMvcAutoConfiguration$DefaultErrorViewResolverConfiguration'
22:54:19.934 [Test worker] DEBUG o.s.b.f.s.DefaultListableBeanFactory -- Creating shared instance of singleton bean 'spring.web-org.springframework.boot.autoconfigure.web.WebProperties'
22:54:19.942 [Test worker] DEBUG o.s.b.f.s.DefaultListableBeanFactory -- Autowiring by type from bean name 'org.springframework.boot.autoconfigure.web.servlet.error.ErrorMvcAutoConfiguration$DefaultErrorViewResolverConfiguration' via constructor to bean named 'org.springframework.web.context.support.GenericWebApplicationContext@109d724c'
22:54:19.942 [Test worker] DEBUG o.s.b.f.s.DefaultListableBeanFactory -- Autowiring by type from bean name 'org.springframework.boot.autoconfigure.web.servlet.error.ErrorMvcAutoConfiguration$DefaultErrorViewResolverConfiguration' via constructor to bean named 'spring.web-org.springframework.boot.autoconfigure.web.WebProperties'
22:54:19.942 [Test worker] DEBUG o.s.b.f.s.DefaultListableBeanFactory -- Creating shared instance of singleton bean 'conventionErrorViewResolver'
22:54:19.946 [Test worker] DEBUG o.s.b.f.s.DefaultListableBeanFactory -- Creating shared instance of singleton bean 'errorAttributes'
22:54:19.948 [Test worker] DEBUG o.s.b.f.s.DefaultListableBeanFactory -- Creating shared instance of singleton bean 'basicErrorController'
22:54:19.950 [Test worker] DEBUG o.s.b.f.s.DefaultListableBeanFactory -- Autowiring by type from bean name 'basicErrorController' via factory method to bean named 'errorAttributes'
22:54:19.960 [Test worker] DEBUG o.s.b.f.s.DefaultListableBeanFactory -- Creating shared instance of singleton bean 'org.springframework.boot.autoconfigure.web.servlet.WebMvcAutoConfiguration$EnableWebMvcConfiguration'
22:54:19.961 [Test worker] DEBUG o.s.b.f.s.DefaultListableBeanFactory -- Autowiring by type from bean name 'org.springframework.boot.autoconfigure.web.servlet.WebMvcAutoConfiguration$EnableWebMvcConfiguration' via constructor to bean named 'spring.mvc-org.springframework.boot.autoconfigure.web.servlet.WebMvcProperties'
22:54:19.961 [Test worker] DEBUG o.s.b.f.s.DefaultListableBeanFactory -- Autowiring by type from bean name 'org.springframework.boot.autoconfigure.web.servlet.WebMvcAutoConfiguration$EnableWebMvcConfiguration' via constructor to bean named 'spring.web-org.springframework.boot.autoconfigure.web.WebProperties'
22:54:19.961 [Test worker] DEBUG o.s.b.f.s.DefaultListableBeanFactory -- Autowiring by type from bean name 'org.springframework.boot.autoconfigure.web.servlet.WebMvcAutoConfiguration$EnableWebMvcConfiguration' via constructor to bean named 'org.springframework.beans.factory.support.DefaultListableBeanFactory@44841b43'
22:54:19.968 [Test worker] DEBUG o.s.b.f.s.DefaultListableBeanFactory -- Creating shared instance of singleton bean 'org.springframework.boot.autoconfigure.web.servlet.WebMvcAutoConfiguration$WebMvcAutoConfigurationAdapter'
22:54:19.969 [Test worker] DEBUG o.s.b.f.s.DefaultListableBeanFactory -- Autowiring by type from bean name 'org.springframework.boot.autoconfigure.web.servlet.WebMvcAutoConfiguration$WebMvcAutoConfigurationAdapter' via constructor to bean named 'spring.web-org.springframework.boot.autoconfigure.web.WebProperties'
22:54:19.969 [Test worker] DEBUG o.s.b.f.s.DefaultListableBeanFactory -- Autowiring by type from bean name 'org.springframework.boot.autoconfigure.web.servlet.WebMvcAutoConfiguration$WebMvcAutoConfigurationAdapter' via constructor to bean named 'spring.mvc-org.springframework.boot.autoconfigure.web.servlet.WebMvcProperties'
22:54:19.969 [Test worker] DEBUG o.s.b.f.s.DefaultListableBeanFactory -- Autowiring by type from bean name 'org.springframework.boot.autoconfigure.web.servlet.WebMvcAutoConfiguration$WebMvcAutoConfigurationAdapter' via constructor to bean named 'org.springframework.beans.factory.support.DefaultListableBeanFactory@44841b43'
22:54:19.970 [Test worker] DEBUG o.s.b.f.s.DefaultListableBeanFactory -- Creating shared instance of singleton bean 'welcomePageHandlerMapping'
22:54:19.971 [Test worker] DEBUG o.s.b.f.s.DefaultListableBeanFactory -- Creating shared instance of singleton bean 'mvcConversionService'
22:54:19.974 [Test worker] DEBUG o.s.b.f.s.DefaultListableBeanFactory -- Creating shared instance of singleton bean 'mvcResourceUrlProvider'
22:54:19.977 [Test worker] DEBUG o.s.b.f.s.DefaultListableBeanFactory -- Autowiring by type from bean name 'welcomePageHandlerMapping' via factory method to bean named 'org.springframework.web.context.support.GenericWebApplicationContext@109d724c'
22:54:19.977 [Test worker] DEBUG o.s.b.f.s.DefaultListableBeanFactory -- Autowiring by type from bean name 'welcomePageHandlerMapping' via factory method to bean named 'mvcConversionService'
22:54:19.978 [Test worker] DEBUG o.s.b.f.s.DefaultListableBeanFactory -- Autowiring by type from bean name 'welcomePageHandlerMapping' via factory method to bean named 'mvcResourceUrlProvider'
22:54:19.996 [Test worker] DEBUG o.s.b.f.s.DefaultListableBeanFactory -- Creating shared instance of singleton bean 'welcomePageNotAcceptableHandlerMapping'
22:54:19.996 [Test worker] DEBUG o.s.b.f.s.DefaultListableBeanFactory -- Autowiring by type from bean name 'welcomePageNotAcceptableHandlerMapping' via factory method to bean named 'org.springframework.web.context.support.GenericWebApplicationContext@109d724c'
22:54:19.997 [Test worker] DEBUG o.s.b.f.s.DefaultListableBeanFactory -- Autowiring by type from bean name 'welcomePageNotAcceptableHandlerMapping' via factory method to bean named 'mvcConversionService'
22:54:19.997 [Test worker] DEBUG o.s.b.f.s.DefaultListableBeanFactory -- Autowiring by type from bean name 'welcomePageNotAcceptableHandlerMapping' via factory method to bean named 'mvcResourceUrlProvider'
22:54:20.001 [Test worker] DEBUG o.s.b.f.s.DefaultListableBeanFactory -- Creating shared instance of singleton bean 'localeResolver'
22:54:20.003 [Test worker] DEBUG o.s.b.f.s.DefaultListableBeanFactory -- Creating shared instance of singleton bean 'themeResolver'
22:54:20.005 [Test worker] DEBUG o.s.b.f.s.DefaultListableBeanFactory -- Creating shared instance of singleton bean 'flashMapManager'
22:54:20.008 [Test worker] DEBUG o.s.b.f.s.DefaultListableBeanFactory -- Creating shared instance of singleton bean 'mvcValidator'
22:54:20.010 [Test worker] DEBUG o.s.b.f.s.DefaultListableBeanFactory -- Creating shared instance of singleton bean 'mvcContentNegotiationManager'
22:54:20.015 [Test worker] DEBUG o.s.b.f.s.DefaultListableBeanFactory -- Creating shared instance of singleton bean 'requestMappingHandlerMapping'
22:54:20.016 [Test worker] DEBUG o.s.b.f.s.DefaultListableBeanFactory -- Autowiring by type from bean name 'requestMappingHandlerMapping' via factory method to bean named 'mvcContentNegotiationManager'
22:54:20.016 [Test worker] DEBUG o.s.b.f.s.DefaultListableBeanFactory -- Autowiring by type from bean name 'requestMappingHandlerMapping' via factory method to bean named 'mvcConversionService'
22:54:20.016 [Test worker] DEBUG o.s.b.f.s.DefaultListableBeanFactory -- Autowiring by type from bean name 'requestMappingHandlerMapping' via factory method to bean named 'mvcResourceUrlProvider'
22:54:20.056 [Test worker] DEBUG _.s.w.s.HandlerMapping.Mappings -- 
	o.s.b.a.w.s.e.BasicErrorController:
	{ [/error]}: error(HttpServletRequest)
	{ [/error], produces [text/html]}: errorHtml(HttpServletRequest,HttpServletResponse)
22:54:20.064 [Test worker] DEBUG o.s.w.s.m.m.a.RequestMappingHandlerMapping -- 2 mappings in 'requestMappingHandlerMapping'
22:54:20.064 [Test worker] DEBUG o.s.b.f.s.DefaultListableBeanFactory -- Creating shared instance of singleton bean 'mvcPatternParser'
22:54:20.065 [Test worker] DEBUG o.s.b.f.s.DefaultListableBeanFactory -- Creating shared instance of singleton bean 'mvcUrlPathHelper'
22:54:20.066 [Test worker] DEBUG o.s.b.f.s.DefaultListableBeanFactory -- Creating shared instance of singleton bean 'mvcPathMatcher'
22:54:20.067 [Test worker] DEBUG o.s.b.f.s.DefaultListableBeanFactory -- Creating shared instance of singleton bean 'viewControllerHandlerMapping'
22:54:20.068 [Test worker] DEBUG o.s.b.f.s.DefaultListableBeanFactory -- Autowiring by type from bean name 'viewControllerHandlerMapping' via factory method to bean named 'mvcConversionService'
22:54:20.068 [Test worker] DEBUG o.s.b.f.s.DefaultListableBeanFactory -- Autowiring by type from bean name 'viewControllerHandlerMapping' via factory method to bean named 'mvcResourceUrlProvider'
22:54:20.069 [Test worker] DEBUG o.s.b.f.s.DefaultListableBeanFactory -- Creating shared instance of singleton bean 'beanNameHandlerMapping'
22:54:20.069 [Test worker] DEBUG o.s.b.f.s.DefaultListableBeanFactory -- Autowiring by type from bean name 'beanNameHandlerMapping' via factory method to bean named 'mvcConversionService'
22:54:20.069 [Test worker] DEBUG o.s.b.f.s.DefaultListableBeanFactory -- Autowiring by type from bean name 'beanNameHandlerMapping' via factory method to bean named 'mvcResourceUrlProvider'
22:54:20.072 [Test worker] DEBUG _.s.w.s.HandlerMapping.Mappings -- 'beanNameHandlerMapping' {}
22:54:20.072 [Test worker] DEBUG o.s.b.f.s.DefaultListableBeanFactory -- Creating shared instance of singleton bean 'routerFunctionMapping'
22:54:20.073 [Test worker] DEBUG o.s.b.f.s.DefaultListableBeanFactory -- Autowiring by type from bean name 'routerFunctionMapping' via factory method to bean named 'mvcConversionService'
22:54:20.073 [Test worker] DEBUG o.s.b.f.s.DefaultListableBeanFactory -- Autowiring by type from bean name 'routerFunctionMapping' via factory method to bean named 'mvcResourceUrlProvider'
22:54:20.074 [Test worker] DEBUG o.s.b.f.s.DefaultListableBeanFactory -- Creating shared instance of singleton bean 'messageConverters'
22:54:20.075 [Test worker] DEBUG o.s.b.f.s.DefaultListableBeanFactory -- Creating shared instance of singleton bean 'org.springframework.boot.autoconfigure.http.HttpMessageConvertersAutoConfiguration'
22:54:20.077 [Test worker] DEBUG o.s.b.f.s.DefaultListableBeanFactory -- Creating shared instance of singleton bean 'stringHttpMessageConverter'
22:54:20.077 [Test worker] DEBUG o.s.b.f.s.DefaultListableBeanFactory -- Creating shared instance of singleton bean 'org.springframework.boot.autoconfigure.http.HttpMessageConvertersAutoConfiguration$StringHttpMessageConverterConfiguration'
22:54:20.078 [Test worker] DEBUG o.s.b.f.s.DefaultListableBeanFactory -- Autowiring by type from bean name 'stringHttpMessageConverter' via factory method to bean named 'environment'
22:54:20.081 [Test worker] DEBUG o.s.b.f.s.DefaultListableBeanFactory -- Creating shared instance of singleton bean 'mappingJackson2HttpMessageConverter'
22:54:20.082 [Test worker] DEBUG o.s.b.f.s.DefaultListableBeanFactory -- Creating shared instance of singleton bean 'org.springframework.boot.autoconfigure.http.JacksonHttpMessageConvertersConfiguration$MappingJackson2HttpMessageConverterConfiguration'
22:54:20.082 [Test worker] DEBUG o.s.b.f.s.DefaultListableBeanFactory -- Creating shared instance of singleton bean 'jacksonObjectMapper'
22:54:20.083 [Test worker] DEBUG o.s.b.f.s.DefaultListableBeanFactory -- Creating shared instance of singleton bean 'org.springframework.boot.autoconfigure.jackson.JacksonAutoConfiguration$JacksonObjectMapperConfiguration'
22:54:20.083 [Test worker] DEBUG o.s.b.f.s.DefaultListableBeanFactory -- Creating shared instance of singleton bean 'org.springframework.boot.autoconfigure.jackson.JacksonAutoConfiguration$JacksonObjectMapperBuilderConfiguration'
22:54:20.085 [Test worker] DEBUG o.s.b.f.s.DefaultListableBeanFactory -- Creating shared instance of singleton bean 'standardJacksonObjectMapperBuilderCustomizer'
22:54:20.085 [Test worker] DEBUG o.s.b.f.s.DefaultListableBeanFactory -- Creating shared instance of singleton bean 'org.springframework.boot.autoconfigure.jackson.JacksonAutoConfiguration$Jackson2ObjectMapperBuilderCustomizerConfiguration'
22:54:20.085 [Test worker] DEBUG o.s.b.f.s.DefaultListableBeanFactory -- Creating shared instance of singleton bean 'spring.jackson-org.springframework.boot.autoconfigure.jackson.JacksonProperties'
22:54:20.089 [Test worker] DEBUG o.s.b.f.s.DefaultListableBeanFactory -- Autowiring by type from bean name 'standardJacksonObjectMapperBuilderCustomizer' via factory method to bean named 'spring.jackson-org.springframework.boot.autoconfigure.jackson.JacksonProperties'
22:54:20.090 [Test worker] DEBUG o.s.b.f.s.DefaultListableBeanFactory -- Creating shared instance of singleton bean 'parameterNamesModule'
22:54:20.090 [Test worker] DEBUG o.s.b.f.s.DefaultListableBeanFactory -- Creating shared instance of singleton bean 'org.springframework.boot.autoconfigure.jackson.JacksonAutoConfiguration$ParameterNamesModuleConfiguration'
22:54:20.094 [Test worker] DEBUG o.s.b.f.s.DefaultListableBeanFactory -- Creating shared instance of singleton bean 'jsonMixinModule'
22:54:20.094 [Test worker] DEBUG o.s.b.f.s.DefaultListableBeanFactory -- Creating shared instance of singleton bean 'org.springframework.boot.autoconfigure.jackson.JacksonAutoConfiguration$JacksonMixinConfiguration'
22:54:20.095 [Test worker] DEBUG o.s.b.f.s.DefaultListableBeanFactory -- Creating shared instance of singleton bean 'jsonMixinModuleEntries'
22:54:20.095 [Test worker] DEBUG o.s.b.f.s.DefaultListableBeanFactory -- Autowiring by type from bean name 'jsonMixinModuleEntries' via factory method to bean named 'org.springframework.web.context.support.GenericWebApplicationContext@109d724c'
22:54:20.096 [Test worker] DEBUG o.s.b.a.AutoConfigurationPackages -- @EnableAutoConfiguration was declared on a class in the package 'hello.core'. Automatic @Repository and @Entity scanning is enabled.
22:54:20.108 [Test worker] DEBUG o.s.b.f.s.DefaultListableBeanFactory -- Autowiring by type from bean name 'jsonMixinModule' via factory method to bean named 'org.springframework.web.context.support.GenericWebApplicationContext@109d724c'
22:54:20.108 [Test worker] DEBUG o.s.b.f.s.DefaultListableBeanFactory -- Autowiring by type from bean name 'jsonMixinModule' via factory method to bean named 'jsonMixinModuleEntries'
22:54:20.110 [Test worker] DEBUG o.s.b.f.s.DefaultListableBeanFactory -- Creating shared instance of singleton bean 'jsonComponentModule'
22:54:20.110 [Test worker] DEBUG o.s.b.f.s.DefaultListableBeanFactory -- Creating shared instance of singleton bean 'org.springframework.boot.autoconfigure.jackson.JacksonAutoConfiguration'
22:54:20.114 [Test worker] DEBUG o.s.b.f.s.DefaultListableBeanFactory -- Autowiring by type from bean name 'jacksonObjectMapperBuilder' via factory method to bean named 'org.springframework.web.context.support.GenericWebApplicationContext@109d724c'
22:54:20.114 [Test worker] DEBUG o.s.b.f.s.DefaultListableBeanFactory -- Autowiring by type from bean name 'jacksonObjectMapperBuilder' via factory method to bean named 'standardJacksonObjectMapperBuilderCustomizer'
22:54:20.118 [Test worker] DEBUG o.s.b.f.s.DefaultListableBeanFactory -- Autowiring by type from bean name 'jacksonObjectMapper' via factory method to bean named 'jacksonObjectMapperBuilder'
22:54:20.128 [Test worker] DEBUG o.s.b.f.s.DefaultListableBeanFactory -- Autowiring by type from bean name 'mappingJackson2HttpMessageConverter' via factory method to bean named 'jacksonObjectMapper'
22:54:20.135 [Test worker] DEBUG o.s.b.f.s.DefaultListableBeanFactory -- Creating shared instance of singleton bean 'resourceHandlerMapping'
22:54:20.135 [Test worker] DEBUG o.s.b.f.s.DefaultListableBeanFactory -- Autowiring by type from bean name 'resourceHandlerMapping' via factory method to bean named 'mvcContentNegotiationManager'
22:54:20.135 [Test worker] DEBUG o.s.b.f.s.DefaultListableBeanFactory -- Autowiring by type from bean name 'resourceHandlerMapping' via factory method to bean named 'mvcConversionService'
22:54:20.136 [Test worker] DEBUG o.s.b.f.s.DefaultListableBeanFactory -- Autowiring by type from bean name 'resourceHandlerMapping' via factory method to bean named 'mvcResourceUrlProvider'
22:54:20.147 [Test worker] DEBUG _.s.w.s.HandlerMapping.Mappings -- 'resourceHandlerMapping' {/webjars/**=ResourceHttpRequestHandler [classpath [META-INF/resources/webjars/]], /**=ResourceHttpRequestHandler [classpath [META-INF/resources/], classpath [resources/], classpath [static/], classpath [public/], ServletContext [/]]}
22:54:20.148 [Test worker] DEBUG o.s.b.f.s.DefaultListableBeanFactory -- Creating shared instance of singleton bean 'defaultServletHandlerMapping'
22:54:20.149 [Test worker] DEBUG o.s.b.f.s.DefaultListableBeanFactory -- Creating shared instance of singleton bean 'requestMappingHandlerAdapter'
22:54:20.149 [Test worker] DEBUG o.s.b.f.s.DefaultListableBeanFactory -- Autowiring by type from bean name 'requestMappingHandlerAdapter' via factory method to bean named 'mvcContentNegotiationManager'
22:54:20.149 [Test worker] DEBUG o.s.b.f.s.DefaultListableBeanFactory -- Autowiring by type from bean name 'requestMappingHandlerAdapter' via factory method to bean named 'mvcConversionService'
22:54:20.150 [Test worker] DEBUG o.s.b.f.s.DefaultListableBeanFactory -- Autowiring by type from bean name 'requestMappingHandlerAdapter' via factory method to bean named 'mvcValidator'
22:54:20.163 [Test worker] DEBUG o.s.b.f.s.DefaultListableBeanFactory -- Creating shared instance of singleton bean 'applicationTaskExecutor'
22:54:20.164 [Test worker] DEBUG o.s.b.f.s.DefaultListableBeanFactory -- Autowiring by type from bean name 'applicationTaskExecutor' via factory method to bean named 'taskExecutorBuilder'
22:54:20.170 [Test worker] DEBUG o.s.s.c.ThreadPoolTaskExecutor -- Initializing ExecutorService 'applicationTaskExecutor'
22:54:20.179 [Test worker] DEBUG o.s.w.s.m.m.a.RequestMappingHandlerAdapter -- ControllerAdvice beans: 0 @ModelAttribute, 0 @InitBinder, 1 RequestBodyAdvice, 1 ResponseBodyAdvice
22:54:20.201 [Test worker] DEBUG o.s.b.f.s.DefaultListableBeanFactory -- Creating shared instance of singleton bean 'handlerFunctionAdapter'
22:54:20.202 [Test worker] DEBUG o.s.b.f.s.DefaultListableBeanFactory -- Creating shared instance of singleton bean 'mvcUriComponentsContributor'
22:54:20.203 [Test worker] DEBUG o.s.b.f.s.DefaultListableBeanFactory -- Autowiring by type from bean name 'mvcUriComponentsContributor' via factory method to bean named 'mvcConversionService'
22:54:20.203 [Test worker] DEBUG o.s.b.f.s.DefaultListableBeanFactory -- Autowiring by type from bean name 'mvcUriComponentsContributor' via factory method to bean named 'requestMappingHandlerAdapter'
22:54:20.205 [Test worker] DEBUG o.s.b.f.s.DefaultListableBeanFactory -- Creating shared instance of singleton bean 'httpRequestHandlerAdapter'
22:54:20.205 [Test worker] DEBUG o.s.b.f.s.DefaultListableBeanFactory -- Creating shared instance of singleton bean 'simpleControllerHandlerAdapter'
22:54:20.206 [Test worker] DEBUG o.s.b.f.s.DefaultListableBeanFactory -- Creating shared instance of singleton bean 'handlerExceptionResolver'
22:54:20.206 [Test worker] DEBUG o.s.b.f.s.DefaultListableBeanFactory -- Autowiring by type from bean name 'handlerExceptionResolver' via factory method to bean named 'mvcContentNegotiationManager'
22:54:20.208 [Test worker] DEBUG o.s.w.s.m.m.a.ExceptionHandlerExceptionResolver -- ControllerAdvice beans: 0 @ExceptionHandler, 1 ResponseBodyAdvice
22:54:20.210 [Test worker] DEBUG o.s.b.f.s.DefaultListableBeanFactory -- Creating shared instance of singleton bean 'mvcViewResolver'
22:54:20.210 [Test worker] DEBUG o.s.b.f.s.DefaultListableBeanFactory -- Autowiring by type from bean name 'mvcViewResolver' via factory method to bean named 'mvcContentNegotiationManager'
22:54:20.212 [Test worker] DEBUG o.s.b.f.s.DefaultListableBeanFactory -- Creating shared instance of singleton bean 'viewNameTranslator'
22:54:20.214 [Test worker] DEBUG o.s.b.f.s.DefaultListableBeanFactory -- Creating shared instance of singleton bean 'defaultViewResolver'
22:54:20.220 [Test worker] DEBUG o.s.b.f.s.DefaultListableBeanFactory -- Creating shared instance of singleton bean 'viewResolver'
22:54:20.221 [Test worker] DEBUG o.s.b.f.s.DefaultListableBeanFactory -- Autowiring by type from bean name 'viewResolver' via factory method to bean named 'org.springframework.beans.factory.support.DefaultListableBeanFactory@44841b43'
22:54:20.222 [Test worker] DEBUG o.s.b.f.s.DefaultListableBeanFactory -- Creating shared instance of singleton bean 'viewResolver'
22:54:20.223 [Test worker] DEBUG o.s.b.f.s.DefaultListableBeanFactory -- Creating shared instance of singleton bean 'requestContextFilter'
22:54:20.225 [Test worker] DEBUG o.s.b.f.s.DefaultListableBeanFactory -- Creating shared instance of singleton bean 'org.springframework.boot.autoconfigure.web.servlet.WebMvcAutoConfiguration'
22:54:20.225 [Test worker] DEBUG o.s.b.f.s.DefaultListableBeanFactory -- Creating shared instance of singleton bean 'formContentFilter'
22:54:20.227 [Test worker] DEBUG o.s.b.f.s.DefaultListableBeanFactory -- Creating shared instance of singleton bean 'org.springframework.boot.autoconfigure.aop.AopAutoConfiguration$ClassProxyingConfiguration'
22:54:20.227 [Test worker] DEBUG o.s.b.f.s.DefaultListableBeanFactory -- Creating shared instance of singleton bean 'org.springframework.boot.autoconfigure.aop.AopAutoConfiguration'
22:54:20.228 [Test worker] DEBUG o.s.b.f.s.DefaultListableBeanFactory -- Creating shared instance of singleton bean 'org.springframework.boot.autoconfigure.availability.ApplicationAvailabilityAutoConfiguration'
22:54:20.228 [Test worker] DEBUG o.s.b.f.s.DefaultListableBeanFactory -- Creating shared instance of singleton bean 'applicationAvailability'
22:54:20.230 [Test worker] DEBUG o.s.b.f.s.DefaultListableBeanFactory -- Creating shared instance of singleton bean 'org.springframework.boot.autoconfigure.context.ConfigurationPropertiesAutoConfiguration'
22:54:20.230 [Test worker] DEBUG o.s.b.f.s.DefaultListableBeanFactory -- Creating shared instance of singleton bean 'org.springframework.boot.autoconfigure.context.LifecycleAutoConfiguration'
22:54:20.231 [Test worker] DEBUG o.s.b.f.s.DefaultListableBeanFactory -- Creating shared instance of singleton bean 'lifecycleProcessor'
22:54:20.231 [Test worker] DEBUG o.s.b.f.s.DefaultListableBeanFactory -- Creating shared instance of singleton bean 'spring.lifecycle-org.springframework.boot.autoconfigure.context.LifecycleProperties'
22:54:20.232 [Test worker] DEBUG o.s.b.f.s.DefaultListableBeanFactory -- Autowiring by type from bean name 'lifecycleProcessor' via factory method to bean named 'spring.lifecycle-org.springframework.boot.autoconfigure.context.LifecycleProperties'
22:54:20.234 [Test worker] DEBUG o.s.b.f.s.DefaultListableBeanFactory -- Creating shared instance of singleton bean 'org.springframework.boot.autoconfigure.http.JacksonHttpMessageConvertersConfiguration'
22:54:20.235 [Test worker] DEBUG o.s.b.f.s.DefaultListableBeanFactory -- Creating shared instance of singleton bean 'org.springframework.boot.autoconfigure.info.ProjectInfoAutoConfiguration'
22:54:20.237 [Test worker] DEBUG o.s.b.f.s.DefaultListableBeanFactory -- Creating shared instance of singleton bean 'spring.info-org.springframework.boot.autoconfigure.info.ProjectInfoProperties'
22:54:20.238 [Test worker] DEBUG o.s.b.f.s.DefaultListableBeanFactory -- Autowiring by type from bean name 'org.springframework.boot.autoconfigure.info.ProjectInfoAutoConfiguration' via constructor to bean named 'spring.info-org.springframework.boot.autoconfigure.info.ProjectInfoProperties'
22:54:20.239 [Test worker] DEBUG o.s.b.f.s.DefaultListableBeanFactory -- Creating shared instance of singleton bean 'org.springframework.boot.autoconfigure.sql.init.SqlInitializationAutoConfiguration'
22:54:20.239 [Test worker] DEBUG o.s.b.f.s.DefaultListableBeanFactory -- Creating shared instance of singleton bean 'spring.sql.init-org.springframework.boot.autoconfigure.sql.init.SqlInitializationProperties'
22:54:20.241 [Test worker] DEBUG o.s.b.f.s.DefaultListableBeanFactory -- Creating shared instance of singleton bean 'org.springframework.boot.autoconfigure.task.TaskSchedulingConfigurations$ThreadPoolTaskSchedulerBuilderConfiguration'
22:54:20.242 [Test worker] DEBUG o.s.b.f.s.DefaultListableBeanFactory -- Creating shared instance of singleton bean 'threadPoolTaskSchedulerBuilder'
22:54:20.242 [Test worker] DEBUG o.s.b.f.s.DefaultListableBeanFactory -- Creating shared instance of singleton bean 'spring.task.scheduling-org.springframework.boot.autoconfigure.task.TaskSchedulingProperties'
22:54:20.244 [Test worker] DEBUG o.s.b.f.s.DefaultListableBeanFactory -- Autowiring by type from bean name 'threadPoolTaskSchedulerBuilder' via factory method to bean named 'spring.task.scheduling-org.springframework.boot.autoconfigure.task.TaskSchedulingProperties'
22:54:20.246 [Test worker] DEBUG o.s.b.f.s.DefaultListableBeanFactory -- Creating shared instance of singleton bean 'org.springframework.boot.autoconfigure.task.TaskSchedulingConfigurations$TaskSchedulerBuilderConfiguration'
22:54:20.247 [Test worker] DEBUG o.s.b.f.s.DefaultListableBeanFactory -- Creating shared instance of singleton bean 'taskSchedulerBuilder'
22:54:20.247 [Test worker] DEBUG o.s.b.f.s.DefaultListableBeanFactory -- Autowiring by type from bean name 'taskSchedulerBuilder' via factory method to bean named 'spring.task.scheduling-org.springframework.boot.autoconfigure.task.TaskSchedulingProperties'
22:54:20.248 [Test worker] DEBUG o.s.b.f.s.DefaultListableBeanFactory -- Creating shared instance of singleton bean 'org.springframework.boot.autoconfigure.task.TaskSchedulingConfigurations$SimpleAsyncTaskSchedulerBuilderConfiguration'
22:54:20.249 [Test worker] DEBUG o.s.b.f.s.DefaultListableBeanFactory -- Autowiring by type from bean name 'org.springframework.boot.autoconfigure.task.TaskSchedulingConfigurations$SimpleAsyncTaskSchedulerBuilderConfiguration' via constructor to bean named 'spring.task.scheduling-org.springframework.boot.autoconfigure.task.TaskSchedulingProperties'
22:54:20.250 [Test worker] DEBUG o.s.b.f.s.DefaultListableBeanFactory -- Creating shared instance of singleton bean 'simpleAsyncTaskSchedulerBuilder'
22:54:20.251 [Test worker] DEBUG o.s.b.f.s.DefaultListableBeanFactory -- Creating shared instance of singleton bean 'org.springframework.boot.autoconfigure.task.TaskSchedulingAutoConfiguration'
22:54:20.252 [Test worker] DEBUG o.s.b.f.s.DefaultListableBeanFactory -- Creating shared instance of singleton bean 'org.springframework.boot.autoconfigure.web.client.RestClientAutoConfiguration'
22:54:20.252 [Test worker] DEBUG o.s.b.f.s.DefaultListableBeanFactory -- Creating shared instance of singleton bean 'httpMessageConvertersRestClientCustomizer'
22:54:20.253 [Test worker] DEBUG o.s.b.f.s.DefaultListableBeanFactory -- Creating shared instance of singleton bean 'restClientSsl'
22:54:20.253 [Test worker] DEBUG o.s.b.f.s.DefaultListableBeanFactory -- Autowiring by type from bean name 'restClientSsl' via factory method to bean named 'sslBundleRegistry'
22:54:20.253 [Test worker] DEBUG o.s.b.f.s.DefaultListableBeanFactory -- Creating shared instance of singleton bean 'restClientBuilderConfigurer'
22:54:20.254 [Test worker] DEBUG o.s.b.f.s.DefaultListableBeanFactory -- Creating shared instance of singleton bean 'org.springframework.boot.autoconfigure.web.client.RestTemplateAutoConfiguration'
22:54:20.254 [Test worker] DEBUG o.s.b.f.s.DefaultListableBeanFactory -- Creating shared instance of singleton bean 'characterEncodingFilter'
22:54:20.255 [Test worker] DEBUG o.s.b.f.s.DefaultListableBeanFactory -- Creating shared instance of singleton bean 'multipartResolver'
22:54:20.267 [Test worker] DEBUG o.s.c.s.DefaultLifecycleProcessor -- Starting beans in phase -2147483647
22:54:20.268 [Test worker] DEBUG o.s.c.s.DefaultLifecycleProcessor -- Successfully started bean 'springBootLoggingLifecycle'
22:54:20.268 [Test worker] DEBUG o.s.c.s.DefaultLifecycleProcessor -- Starting beans in phase 2147483647
22:54:20.282 [Test worker] DEBUG o.s.b.a.l.ConditionEvaluationReportLogger -- 


============================
CONDITIONS EVALUATION REPORT
============================


Positive matches:
-----------------

   AopAutoConfiguration matched:
      - @ConditionalOnProperty (spring.aop.auto=true) matched (OnPropertyCondition)

   AopAutoConfiguration.ClassProxyingConfiguration matched:
      - @ConditionalOnMissingClass did not find unwanted class 'org.aspectj.weaver.Advice' (OnClassCondition)
      - @ConditionalOnProperty (spring.aop.proxy-target-class=true) matched (OnPropertyCondition)

   ApplicationAvailabilityAutoConfiguration#applicationAvailability matched:
      - @ConditionalOnMissingBean (types: org.springframework.boot.availability.ApplicationAvailability; SearchStrategy: all) did not find any beans (OnBeanCondition)

   DispatcherServletAutoConfiguration matched:
      - @ConditionalOnClass found required class 'org.springframework.web.servlet.DispatcherServlet' (OnClassCondition)
      - found 'session' scope (OnWebApplicationCondition)

   DispatcherServletAutoConfiguration.DispatcherServletConfiguration matched:
      - @ConditionalOnClass found required class 'jakarta.servlet.ServletRegistration' (OnClassCondition)
      - Default DispatcherServlet did not find dispatcher servlet beans (DispatcherServletAutoConfiguration.DefaultDispatcherServletCondition)

   DispatcherServletAutoConfiguration.DispatcherServletRegistrationConfiguration matched:
      - @ConditionalOnClass found required class 'jakarta.servlet.ServletRegistration' (OnClassCondition)
      - DispatcherServlet Registration did not find servlet registration bean (DispatcherServletAutoConfiguration.DispatcherServletRegistrationCondition)

   DispatcherServletAutoConfiguration.DispatcherServletRegistrationConfiguration#dispatcherServletRegistration matched:
      - @ConditionalOnBean (names: dispatcherServlet types: org.springframework.web.servlet.DispatcherServlet; SearchStrategy: all) found bean 'dispatcherServlet' (OnBeanCondition)

   ErrorMvcAutoConfiguration matched:
      - @ConditionalOnClass found required classes 'jakarta.servlet.Servlet', 'org.springframework.web.servlet.DispatcherServlet' (OnClassCondition)
      - found 'session' scope (OnWebApplicationCondition)

   ErrorMvcAutoConfiguration#basicErrorController matched:
      - @ConditionalOnMissingBean (types: org.springframework.boot.web.servlet.error.ErrorController; SearchStrategy: current) did not find any beans (OnBeanCondition)

   ErrorMvcAutoConfiguration#errorAttributes matched:
      - @ConditionalOnMissingBean (types: org.springframework.boot.web.servlet.error.ErrorAttributes; SearchStrategy: current) did not find any beans (OnBeanCondition)

   ErrorMvcAutoConfiguration.DefaultErrorViewResolverConfiguration#conventionErrorViewResolver matched:
      - @ConditionalOnBean (types: org.springframework.web.servlet.DispatcherServlet; SearchStrategy: all) found bean 'dispatcherServlet'; @ConditionalOnMissingBean (types: org.springframework.boot.autoconfigure.web.servlet.error.ErrorViewResolver; SearchStrategy: all) did not find any beans (OnBeanCondition)

   ErrorMvcAutoConfiguration.WhitelabelErrorViewConfiguration matched:
      - @ConditionalOnProperty (server.error.whitelabel.enabled) matched (OnPropertyCondition)
      - ErrorTemplate Missing did not find error template view (ErrorMvcAutoConfiguration.ErrorTemplateMissingCondition)

   ErrorMvcAutoConfiguration.WhitelabelErrorViewConfiguration#beanNameViewResolver matched:
      - @ConditionalOnMissingBean (types: org.springframework.web.servlet.view.BeanNameViewResolver; SearchStrategy: all) did not find any beans (OnBeanCondition)

   ErrorMvcAutoConfiguration.WhitelabelErrorViewConfiguration#defaultErrorView matched:
      - @ConditionalOnMissingBean (names: error; SearchStrategy: all) did not find any beans (OnBeanCondition)

   GenericCacheConfiguration matched:
      - Cache org.springframework.boot.autoconfigure.cache.GenericCacheConfiguration automatic cache type (CacheCondition)

   HttpEncodingAutoConfiguration matched:
      - @ConditionalOnClass found required class 'org.springframework.web.filter.CharacterEncodingFilter' (OnClassCondition)
      - found 'session' scope (OnWebApplicationCondition)
      - @ConditionalOnProperty (server.servlet.encoding.enabled) matched (OnPropertyCondition)

   HttpEncodingAutoConfiguration#characterEncodingFilter matched:
      - @ConditionalOnMissingBean (types: org.springframework.web.filter.CharacterEncodingFilter; SearchStrategy: all) did not find any beans (OnBeanCondition)

   HttpMessageConvertersAutoConfiguration matched:
      - @ConditionalOnClass found required class 'org.springframework.http.converter.HttpMessageConverter' (OnClassCondition)
      - NoneNestedConditions 0 matched 1 did not; NestedCondition on HttpMessageConvertersAutoConfiguration.NotReactiveWebApplicationCondition.ReactiveWebApplication did not find reactive web application classes (HttpMessageConvertersAutoConfiguration.NotReactiveWebApplicationCondition)

   HttpMessageConvertersAutoConfiguration#messageConverters matched:
      - @ConditionalOnMissingBean (types: org.springframework.boot.autoconfigure.http.HttpMessageConverters; SearchStrategy: all) did not find any beans (OnBeanCondition)

   HttpMessageConvertersAutoConfiguration.StringHttpMessageConverterConfiguration matched:
      - @ConditionalOnClass found required class 'org.springframework.http.converter.StringHttpMessageConverter' (OnClassCondition)

   HttpMessageConvertersAutoConfiguration.StringHttpMessageConverterConfiguration#stringHttpMessageConverter matched:
      - @ConditionalOnMissingBean (types: org.springframework.http.converter.StringHttpMessageConverter; SearchStrategy: all) did not find any beans (OnBeanCondition)

   JacksonAutoConfiguration matched:
      - @ConditionalOnClass found required class 'com.fasterxml.jackson.databind.ObjectMapper' (OnClassCondition)

   JacksonAutoConfiguration.Jackson2ObjectMapperBuilderCustomizerConfiguration matched:
      - @ConditionalOnClass found required class 'org.springframework.http.converter.json.Jackson2ObjectMapperBuilder' (OnClassCondition)

   JacksonAutoConfiguration.JacksonObjectMapperBuilderConfiguration matched:
      - @ConditionalOnClass found required class 'org.springframework.http.converter.json.Jackson2ObjectMapperBuilder' (OnClassCondition)

   JacksonAutoConfiguration.JacksonObjectMapperBuilderConfiguration#jacksonObjectMapperBuilder matched:
      - @ConditionalOnMissingBean (types: org.springframework.http.converter.json.Jackson2ObjectMapperBuilder; SearchStrategy: all) did not find any beans (OnBeanCondition)

   JacksonAutoConfiguration.JacksonObjectMapperConfiguration matched:
      - @ConditionalOnClass found required class 'org.springframework.http.converter.json.Jackson2ObjectMapperBuilder' (OnClassCondition)

   JacksonAutoConfiguration.JacksonObjectMapperConfiguration#jacksonObjectMapper matched:
      - @ConditionalOnMissingBean (types: com.fasterxml.jackson.databind.ObjectMapper; SearchStrategy: all) did not find any beans (OnBeanCondition)

   JacksonAutoConfiguration.ParameterNamesModuleConfiguration matched:
      - @ConditionalOnClass found required class 'com.fasterxml.jackson.module.paramnames.ParameterNamesModule' (OnClassCondition)

   JacksonAutoConfiguration.ParameterNamesModuleConfiguration#parameterNamesModule matched:
      - @ConditionalOnMissingBean (types: com.fasterxml.jackson.module.paramnames.ParameterNamesModule; SearchStrategy: all) did not find any beans (OnBeanCondition)

   JacksonHttpMessageConvertersConfiguration.MappingJackson2HttpMessageConverterConfiguration matched:
      - @ConditionalOnClass found required class 'com.fasterxml.jackson.databind.ObjectMapper' (OnClassCondition)
      - @ConditionalOnProperty (spring.mvc.converters.preferred-json-mapper=jackson) matched (OnPropertyCondition)
      - @ConditionalOnBean (types: com.fasterxml.jackson.databind.ObjectMapper; SearchStrategy: all) found bean 'jacksonObjectMapper' (OnBeanCondition)

   JacksonHttpMessageConvertersConfiguration.MappingJackson2HttpMessageConverterConfiguration#mappingJackson2HttpMessageConverter matched:
      - @ConditionalOnMissingBean (types: org.springframework.http.converter.json.MappingJackson2HttpMessageConverter ignored: org.springframework.hateoas.server.mvc.TypeConstrainedMappingJackson2HttpMessageConverter,org.springframework.data.rest.webmvc.alps.AlpsJsonHttpMessageConverter; SearchStrategy: all) did not find any beans (OnBeanCondition)

   LifecycleAutoConfiguration#defaultLifecycleProcessor matched:
      - @ConditionalOnMissingBean (names: lifecycleProcessor; SearchStrategy: current) did not find any beans (OnBeanCondition)

   MultipartAutoConfiguration matched:
      - @ConditionalOnClass found required classes 'jakarta.servlet.Servlet', 'org.springframework.web.multipart.support.StandardServletMultipartResolver', 'jakarta.servlet.MultipartConfigElement' (OnClassCondition)
      - found 'session' scope (OnWebApplicationCondition)
      - @ConditionalOnProperty (spring.servlet.multipart.enabled) matched (OnPropertyCondition)

   MultipartAutoConfiguration#multipartConfigElement matched:
      - @ConditionalOnMissingBean (types: jakarta.servlet.MultipartConfigElement; SearchStrategy: all) did not find any beans (OnBeanCondition)

   MultipartAutoConfiguration#multipartResolver matched:
      - @ConditionalOnMissingBean (types: org.springframework.web.multipart.MultipartResolver; SearchStrategy: all) did not find any beans (OnBeanCondition)

   NoOpCacheConfiguration matched:
      - Cache org.springframework.boot.autoconfigure.cache.NoOpCacheConfiguration automatic cache type (CacheCondition)

   PropertyPlaceholderAutoConfiguration#propertySourcesPlaceholderConfigurer matched:
      - @ConditionalOnMissingBean (types: org.springframework.context.support.PropertySourcesPlaceholderConfigurer; SearchStrategy: current) did not find any beans (OnBeanCondition)

   RestClientAutoConfiguration matched:
      - @ConditionalOnClass found required class 'org.springframework.web.client.RestClient' (OnClassCondition)
      - NoneNestedConditions 0 matched 1 did not; NestedCondition on NotReactiveWebApplicationCondition.ReactiveWebApplication did not find reactive web application classes (NotReactiveWebApplicationCondition)

   RestClientAutoConfiguration#httpMessageConvertersRestClientCustomizer matched:
      - @ConditionalOnMissingBean (types: org.springframework.boot.autoconfigure.web.client.HttpMessageConvertersRestClientCustomizer; SearchStrategy: all) did not find any beans (OnBeanCondition)

   RestClientAutoConfiguration#restClientBuilder matched:
      - @ConditionalOnMissingBean (types: org.springframework.web.client.RestClient$Builder; SearchStrategy: all) did not find any beans (OnBeanCondition)

   RestClientAutoConfiguration#restClientBuilderConfigurer matched:
      - @ConditionalOnMissingBean (types: org.springframework.boot.autoconfigure.web.client.RestClientBuilderConfigurer; SearchStrategy: all) did not find any beans (OnBeanCondition)

   RestClientAutoConfiguration#restClientSsl matched:
      - @ConditionalOnBean (types: org.springframework.boot.ssl.SslBundles; SearchStrategy: all) found bean 'sslBundleRegistry'; @ConditionalOnMissingBean (types: org.springframework.boot.autoconfigure.web.client.RestClientSsl; SearchStrategy: all) did not find any beans (OnBeanCondition)

   RestTemplateAutoConfiguration matched:
      - @ConditionalOnClass found required class 'org.springframework.web.client.RestTemplate' (OnClassCondition)
      - NoneNestedConditions 0 matched 1 did not; NestedCondition on NotReactiveWebApplicationCondition.ReactiveWebApplication did not find reactive web application classes (NotReactiveWebApplicationCondition)

   RestTemplateAutoConfiguration#restTemplateBuilder matched:
      - @ConditionalOnMissingBean (types: org.springframework.boot.web.client.RestTemplateBuilder; SearchStrategy: all) did not find any beans (OnBeanCondition)

   ServletWebServerFactoryAutoConfiguration matched:
      - @ConditionalOnClass found required class 'jakarta.servlet.ServletRequest' (OnClassCondition)
      - found 'session' scope (OnWebApplicationCondition)

   ServletWebServerFactoryAutoConfiguration#tomcatServletWebServerFactoryCustomizer matched:
      - @ConditionalOnClass found required class 'org.apache.catalina.startup.Tomcat' (OnClassCondition)

   ServletWebServerFactoryConfiguration.EmbeddedTomcat matched:
      - @ConditionalOnClass found required classes 'jakarta.servlet.Servlet', 'org.apache.catalina.startup.Tomcat', 'org.apache.coyote.UpgradeProtocol' (OnClassCondition)
      - @ConditionalOnMissingBean (types: org.springframework.boot.web.servlet.server.ServletWebServerFactory; SearchStrategy: current) did not find any beans (OnBeanCondition)

   SimpleCacheConfiguration matched:
      - Cache org.springframework.boot.autoconfigure.cache.SimpleCacheConfiguration automatic cache type (CacheCondition)

   SqlInitializationAutoConfiguration matched:
      - @ConditionalOnProperty (spring.sql.init.enabled) matched (OnPropertyCondition)
      - NoneNestedConditions 0 matched 1 did not; NestedCondition on SqlInitializationAutoConfiguration.SqlInitializationModeCondition.ModeIsNever @ConditionalOnProperty (spring.sql.init.mode=never) did not find property 'mode' (SqlInitializationAutoConfiguration.SqlInitializationModeCondition)

   SslAutoConfiguration#sslBundleRegistry matched:
      - @ConditionalOnMissingBean (types: org.springframework.boot.ssl.SslBundleRegistry,org.springframework.boot.ssl.SslBundles; SearchStrategy: all) did not find any beans (OnBeanCondition)

   TaskExecutionAutoConfiguration matched:
      - @ConditionalOnClass found required class 'org.springframework.scheduling.concurrent.ThreadPoolTaskExecutor' (OnClassCondition)

   TaskExecutorConfigurations.SimpleAsyncTaskExecutorBuilderConfiguration#simpleAsyncTaskExecutorBuilder matched:
      - @ConditionalOnMissingBean (types: org.springframework.boot.task.SimpleAsyncTaskExecutorBuilder; SearchStrategy: all) did not find any beans (OnBeanCondition)
      - @ConditionalOnThreading found PLATFORM (OnThreadingCondition)

   TaskExecutorConfigurations.TaskExecutorBuilderConfiguration#taskExecutorBuilder matched:
      - @ConditionalOnMissingBean (types: org.springframework.boot.task.TaskExecutorBuilder; SearchStrategy: all) did not find any beans (OnBeanCondition)

   TaskExecutorConfigurations.TaskExecutorConfiguration matched:
      - @ConditionalOnMissingBean (types: java.util.concurrent.Executor; SearchStrategy: all) did not find any beans (OnBeanCondition)

   TaskExecutorConfigurations.TaskExecutorConfiguration#applicationTaskExecutor matched:
      - @ConditionalOnThreading found PLATFORM (OnThreadingCondition)

   TaskExecutorConfigurations.ThreadPoolTaskExecutorBuilderConfiguration#threadPoolTaskExecutorBuilder matched:
      - @ConditionalOnMissingBean (types: org.springframework.boot.task.TaskExecutorBuilder,org.springframework.boot.task.ThreadPoolTaskExecutorBuilder; SearchStrategy: all) did not find any beans (OnBeanCondition)

   TaskSchedulingAutoConfiguration matched:
      - @ConditionalOnClass found required class 'org.springframework.scheduling.concurrent.ThreadPoolTaskScheduler' (OnClassCondition)

   TaskSchedulingConfigurations.SimpleAsyncTaskSchedulerBuilderConfiguration#simpleAsyncTaskSchedulerBuilder matched:
      - @ConditionalOnMissingBean (types: org.springframework.boot.task.SimpleAsyncTaskSchedulerBuilder; SearchStrategy: all) did not find any beans (OnBeanCondition)
      - @ConditionalOnThreading found PLATFORM (OnThreadingCondition)

   TaskSchedulingConfigurations.TaskSchedulerBuilderConfiguration#taskSchedulerBuilder matched:
      - @ConditionalOnMissingBean (types: org.springframework.boot.task.TaskSchedulerBuilder; SearchStrategy: all) did not find any beans (OnBeanCondition)

   TaskSchedulingConfigurations.ThreadPoolTaskSchedulerBuilderConfiguration#threadPoolTaskSchedulerBuilder matched:
      - @ConditionalOnMissingBean (types: org.springframework.boot.task.TaskSchedulerBuilder,org.springframework.boot.task.ThreadPoolTaskSchedulerBuilder; SearchStrategy: all) did not find any beans (OnBeanCondition)

   WebMvcAutoConfiguration matched:
      - @ConditionalOnClass found required classes 'jakarta.servlet.Servlet', 'org.springframework.web.servlet.DispatcherServlet', 'org.springframework.web.servlet.config.annotation.WebMvcConfigurer' (OnClassCondition)
      - found 'session' scope (OnWebApplicationCondition)
      - @ConditionalOnMissingBean (types: org.springframework.web.servlet.config.annotation.WebMvcConfigurationSupport; SearchStrategy: all) did not find any beans (OnBeanCondition)

   WebMvcAutoConfiguration#formContentFilter matched:
      - @ConditionalOnProperty (spring.mvc.formcontent.filter.enabled) matched (OnPropertyCondition)
      - @ConditionalOnMissingBean (types: org.springframework.web.filter.FormContentFilter; SearchStrategy: all) did not find any beans (OnBeanCondition)

   WebMvcAutoConfiguration.EnableWebMvcConfiguration#flashMapManager matched:
      - @ConditionalOnMissingBean (names: flashMapManager; SearchStrategy: all) did not find any beans (OnBeanCondition)

   WebMvcAutoConfiguration.EnableWebMvcConfiguration#localeResolver matched:
      - @ConditionalOnMissingBean (names: localeResolver; SearchStrategy: all) did not find any beans (OnBeanCondition)

   WebMvcAutoConfiguration.EnableWebMvcConfiguration#themeResolver matched:
      - @ConditionalOnMissingBean (names: themeResolver; SearchStrategy: all) did not find any beans (OnBeanCondition)

   WebMvcAutoConfiguration.WebMvcAutoConfigurationAdapter#defaultViewResolver matched:
      - @ConditionalOnMissingBean (types: org.springframework.web.servlet.view.InternalResourceViewResolver; SearchStrategy: all) did not find any beans (OnBeanCondition)

   WebMvcAutoConfiguration.WebMvcAutoConfigurationAdapter#requestContextFilter matched:
      - @ConditionalOnMissingBean (types: org.springframework.web.context.request.RequestContextListener,org.springframework.web.filter.RequestContextFilter; SearchStrategy: all) did not find any beans (OnBeanCondition)

   WebMvcAutoConfiguration.WebMvcAutoConfigurationAdapter#viewResolver matched:
      - @ConditionalOnBean (types: org.springframework.web.servlet.ViewResolver; SearchStrategy: all) found beans 'defaultViewResolver', 'beanNameViewResolver', 'mvcViewResolver'; @ConditionalOnMissingBean (names: viewResolver types: org.springframework.web.servlet.view.ContentNegotiatingViewResolver; SearchStrategy: all) did not find any beans (OnBeanCondition)

   WebSocketServletAutoConfiguration matched:
      - @ConditionalOnClass found required classes 'jakarta.servlet.Servlet', 'jakarta.websocket.server.ServerContainer' (OnClassCondition)
      - found 'session' scope (OnWebApplicationCondition)

   WebSocketServletAutoConfiguration.TomcatWebSocketConfiguration matched:
      - @ConditionalOnClass found required classes 'org.apache.catalina.startup.Tomcat', 'org.apache.tomcat.websocket.server.WsSci' (OnClassCondition)

   WebSocketServletAutoConfiguration.TomcatWebSocketConfiguration#websocketServletWebServerCustomizer matched:
      - @ConditionalOnMissingBean (names: websocketServletWebServerCustomizer; SearchStrategy: all) did not find any beans (OnBeanCondition)


Negative matches:
-----------------

   ActiveMQAutoConfiguration:
      Did not match:
         - @ConditionalOnClass did not find required class 'jakarta.jms.ConnectionFactory' (OnClassCondition)

   AopAutoConfiguration.AspectJAutoProxyingConfiguration:
      Did not match:
         - @ConditionalOnClass did not find required class 'org.aspectj.weaver.Advice' (OnClassCondition)

   ArtemisAutoConfiguration:
      Did not match:
         - @ConditionalOnClass did not find required class 'jakarta.jms.ConnectionFactory' (OnClassCondition)

   BatchAutoConfiguration:
      Did not match:
         - @ConditionalOnClass did not find required class 'org.springframework.batch.core.launch.JobLauncher' (OnClassCondition)

   Cache2kCacheConfiguration:
      Did not match:
         - @ConditionalOnClass did not find required class 'org.cache2k.Cache2kBuilder' (OnClassCondition)

   CacheAutoConfiguration:
      Did not match:
         - @ConditionalOnBean (types: org.springframework.cache.interceptor.CacheAspectSupport; SearchStrategy: all) did not find any beans of type org.springframework.cache.interceptor.CacheAspectSupport (OnBeanCondition)
      Matched:
         - @ConditionalOnClass found required class 'org.springframework.cache.CacheManager' (OnClassCondition)

   CacheAutoConfiguration.CacheManagerEntityManagerFactoryDependsOnPostProcessor:
      Did not match:
         - @ConditionalOnClass did not find required class 'org.springframework.orm.jpa.LocalContainerEntityManagerFactoryBean' (OnClassCondition)
         - Ancestor org.springframework.boot.autoconfigure.cache.CacheAutoConfiguration did not match (ConditionEvaluationReport.AncestorsMatchedCondition)

   CaffeineCacheConfiguration:
      Did not match:
         - @ConditionalOnClass did not find required class 'com.github.benmanes.caffeine.cache.Caffeine' (OnClassCondition)

   CassandraAutoConfiguration:
      Did not match:
         - @ConditionalOnClass did not find required class 'com.datastax.oss.driver.api.core.CqlSession' (OnClassCondition)

   CassandraDataAutoConfiguration:
      Did not match:
         - @ConditionalOnClass did not find required class 'com.datastax.oss.driver.api.core.CqlSession' (OnClassCondition)

   CassandraReactiveDataAutoConfiguration:
      Did not match:
         - @ConditionalOnClass did not find required class 'com.datastax.oss.driver.api.core.CqlSession' (OnClassCondition)

   CassandraReactiveRepositoriesAutoConfiguration:
      Did not match:
         - @ConditionalOnClass did not find required class 'org.springframework.data.cassandra.ReactiveSession' (OnClassCondition)

   CassandraRepositoriesAutoConfiguration:
      Did not match:
         - @ConditionalOnClass did not find required class 'com.datastax.oss.driver.api.core.CqlSession' (OnClassCondition)

   ClientHttpConnectorAutoConfiguration:
      Did not match:
         - @ConditionalOnClass did not find required class 'org.springframework.web.reactive.function.client.WebClient' (OnClassCondition)

   CodecsAutoConfiguration:
      Did not match:
         - @ConditionalOnClass did not find required class 'org.springframework.web.reactive.function.client.WebClient' (OnClassCondition)

   CouchbaseAutoConfiguration:
      Did not match:
         - @ConditionalOnClass did not find required class 'com.couchbase.client.java.Cluster' (OnClassCondition)

   CouchbaseCacheConfiguration:
      Did not match:
         - @ConditionalOnClass did not find required class 'com.couchbase.client.java.Cluster' (OnClassCondition)

   CouchbaseDataAutoConfiguration:
      Did not match:
         - @ConditionalOnClass did not find required class 'com.couchbase.client.java.Bucket' (OnClassCondition)

   CouchbaseReactiveDataAutoConfiguration:
      Did not match:
         - @ConditionalOnClass did not find required class 'com.couchbase.client.java.Cluster' (OnClassCondition)

   CouchbaseReactiveRepositoriesAutoConfiguration:
      Did not match:
         - @ConditionalOnClass did not find required class 'com.couchbase.client.java.Cluster' (OnClassCondition)

   CouchbaseRepositoriesAutoConfiguration:
      Did not match:
         - @ConditionalOnClass did not find required class 'com.couchbase.client.java.Bucket' (OnClassCondition)

   DataSourceAutoConfiguration:
      Did not match:
         - @ConditionalOnClass did not find required class 'org.springframework.jdbc.datasource.embedded.EmbeddedDatabaseType' (OnClassCondition)

   DataSourceInitializationConfiguration:
      Did not match:
         - @ConditionalOnClass did not find required class 'org.springframework.jdbc.datasource.init.DatabasePopulator' (OnClassCondition)

   DataSourceTransactionManagerAutoConfiguration:
      Did not match:
         - @ConditionalOnClass did not find required class 'org.springframework.jdbc.core.JdbcTemplate' (OnClassCondition)

   DispatcherServletAutoConfiguration.DispatcherServletConfiguration#multipartResolver:
      Did not match:
         - @ConditionalOnBean (types: org.springframework.web.multipart.MultipartResolver; SearchStrategy: all) did not find any beans of type org.springframework.web.multipart.MultipartResolver (OnBeanCondition)

   ElasticsearchClientAutoConfiguration:
      Did not match:
[...]
      Did not match:
         - @ConditionalOnClass did not find required class 'org.springframework.security.oauth2.server.resource.authentication.BearerTokenAuthenticationToken' (OnClassCondition)

   PersistenceExceptionTranslationAutoConfiguration:
      Did not match:
         - @ConditionalOnClass did not find required class 'org.springframework.dao.annotation.PersistenceExceptionTranslationPostProcessor' (OnClassCondition)

   ProjectInfoAutoConfiguration#buildProperties:
      Did not match:
         - @ConditionalOnResource did not find resource '${spring.info.build.location:classpath:META-INF/build-info.properties}' (OnResourceCondition)

   ProjectInfoAutoConfiguration#gitProperties:
      Did not match:
         - GitResource did not find git info at classpath:git.properties (ProjectInfoAutoConfiguration.GitResourceAvailableCondition)

   PulsarAutoConfiguration:
      Did not match:
         - @ConditionalOnClass did not find required class 'org.apache.pulsar.client.api.PulsarClient' (OnClassCondition)

   PulsarReactiveAutoConfiguration:
      Did not match:
         - @ConditionalOnClass did not find required class 'org.apache.pulsar.client.api.PulsarClient' (OnClassCondition)

   QuartzAutoConfiguration:
      Did not match:
         - @ConditionalOnClass did not find required class 'org.quartz.Scheduler' (OnClassCondition)

   R2dbcAutoConfiguration:
      Did not match:
         - @ConditionalOnClass did not find required class 'io.r2dbc.spi.ConnectionFactory' (OnClassCondition)

   R2dbcDataAutoConfiguration:
      Did not match:
         - @ConditionalOnClass did not find required class 'org.springframework.data.r2dbc.core.R2dbcEntityTemplate' (OnClassCondition)

   R2dbcInitializationConfiguration:
      Did not match:
         - @ConditionalOnClass did not find required classes 'io.r2dbc.spi.ConnectionFactory', 'org.springframework.r2dbc.connection.init.DatabasePopulator' (OnClassCondition)

   R2dbcRepositoriesAutoConfiguration:
      Did not match:
         - @ConditionalOnClass did not find required class 'io.r2dbc.spi.ConnectionFactory' (OnClassCondition)

   R2dbcTransactionManagerAutoConfiguration:
      Did not match:
         - @ConditionalOnClass did not find required class 'org.springframework.r2dbc.connection.R2dbcTransactionManager' (OnClassCondition)

   RSocketGraphQlClientAutoConfiguration:
      Did not match:
         - @ConditionalOnClass did not find required class 'graphql.GraphQL' (OnClassCondition)

   RSocketMessagingAutoConfiguration:
      Did not match:
         - @ConditionalOnClass did not find required class 'io.rsocket.RSocket' (OnClassCondition)

   RSocketRequesterAutoConfiguration:
      Did not match:
         - @ConditionalOnClass did not find required class 'io.rsocket.RSocket' (OnClassCondition)

   RSocketSecurityAutoConfiguration:
      Did not match:
         - @ConditionalOnClass did not find required class 'org.springframework.security.rsocket.core.SecuritySocketAcceptorInterceptor' (OnClassCondition)

   RSocketServerAutoConfiguration:
      Did not match:
         - @ConditionalOnClass did not find required class 'io.rsocket.core.RSocketServer' (OnClassCondition)

   RSocketStrategiesAutoConfiguration:
      Did not match:
         - @ConditionalOnClass did not find required class 'io.netty.buffer.PooledByteBufAllocator' (OnClassCondition)

   RabbitAutoConfiguration:
      Did not match:
         - @ConditionalOnClass did not find required class 'com.rabbitmq.client.Channel' (OnClassCondition)

   ReactiveElasticsearchClientAutoConfiguration:
      Did not match:
         - @ConditionalOnClass did not find required class 'co.elastic.clients.transport.ElasticsearchTransport' (OnClassCondition)

   ReactiveElasticsearchRepositoriesAutoConfiguration:
      Did not match:
         - @ConditionalOnClass did not find required class 'org.springframework.data.elasticsearch.client.elc.ReactiveElasticsearchClient' (OnClassCondition)

   ReactiveMultipartAutoConfiguration:
      Did not match:
         - @ConditionalOnClass did not find required class 'org.springframework.web.reactive.config.WebFluxConfigurer' (OnClassCondition)

   ReactiveOAuth2ClientAutoConfiguration:
      Did not match:
         - @ConditionalOnClass did not find required class 'reactor.core.publisher.Flux' (OnClassCondition)

   ReactiveOAuth2ResourceServerAutoConfiguration:
      Did not match:
         - @ConditionalOnClass did not find required class 'org.springframework.security.config.annotation.web.reactive.EnableWebFluxSecurity' (OnClassCondition)

   ReactiveSecurityAutoConfiguration:
      Did not match:
         - @ConditionalOnClass did not find required class 'reactor.core.publisher.Flux' (OnClassCondition)

   ReactiveUserDetailsServiceAutoConfiguration:
      Did not match:
         - @ConditionalOnClass did not find required class 'org.springframework.security.authentication.ReactiveAuthenticationManager' (OnClassCondition)

   ReactiveWebServerFactoryAutoConfiguration:
      Did not match:
         - @ConditionalOnWebApplication did not find reactive web application classes (OnWebApplicationCondition)

   ReactorAutoConfiguration:
      Did not match:
         - @ConditionalOnClass did not find required class 'reactor.core.publisher.Hooks' (OnClassCondition)

   RedisAutoConfiguration:
      Did not match:
         - @ConditionalOnClass did not find required class 'org.springframework.data.redis.core.RedisOperations' (OnClassCondition)

   RedisCacheConfiguration:
      Did not match:
         - @ConditionalOnClass did not find required class 'org.springframework.data.redis.connection.RedisConnectionFactory' (OnClassCondition)

   RedisReactiveAutoConfiguration:
      Did not match:
         - @ConditionalOnClass did not find required class 'reactor.core.publisher.Flux' (OnClassCondition)

   RedisRepositoriesAutoConfiguration:
      Did not match:
         - @ConditionalOnClass did not find required class 'org.springframework.data.redis.repository.configuration.EnableRedisRepositories' (OnClassCondition)

   RepositoryRestMvcAutoConfiguration:
      Did not match:
         - @ConditionalOnClass did not find required class 'org.springframework.data.rest.webmvc.config.RepositoryRestMvcConfiguration' (OnClassCondition)

   Saml2RelyingPartyAutoConfiguration:
      Did not match:
         - @ConditionalOnClass did not find required class 'org.springframework.security.saml2.provider.service.registration.RelyingPartyRegistrationRepository' (OnClassCondition)

   SecurityAutoConfiguration:
      Did not match:
         - @ConditionalOnClass did not find required class 'org.springframework.security.authentication.DefaultAuthenticationEventPublisher' (OnClassCondition)

   SecurityFilterAutoConfiguration:
      Did not match:
         - @ConditionalOnClass did not find required class 'org.springframework.security.config.http.SessionCreationPolicy' (OnClassCondition)

   SendGridAutoConfiguration:
      Did not match:
         - @ConditionalOnClass did not find required class 'com.sendgrid.SendGrid' (OnClassCondition)

   ServletWebServerFactoryAutoConfiguration.ForwardedHeaderFilterConfiguration:
      Did not match:
         - @ConditionalOnProperty (server.forward-headers-strategy=framework) did not find property 'server.forward-headers-strategy' (OnPropertyCondition)

   ServletWebServerFactoryConfiguration.EmbeddedJetty:
      Did not match:
         - @ConditionalOnClass did not find required classes 'org.eclipse.jetty.server.Server', 'org.eclipse.jetty.util.Loader', 'org.eclipse.jetty.ee10.webapp.WebAppContext' (OnClassCondition)

   ServletWebServerFactoryConfiguration.EmbeddedUndertow:
      Did not match:
         - @ConditionalOnClass did not find required classes 'io.undertow.Undertow', 'org.xnio.SslClientAuthMode' (OnClassCondition)

   SessionAutoConfiguration:
      Did not match:
         - @ConditionalOnClass did not find required class 'org.springframework.session.Session' (OnClassCondition)

   SpringApplicationAdminJmxAutoConfiguration:
      Did not match:
         - @ConditionalOnProperty (spring.application.admin.enabled=true) did not find property 'enabled' (OnPropertyCondition)

   SpringDataWebAutoConfiguration:
      Did not match:
         - @ConditionalOnClass did not find required class 'org.springframework.data.web.PageableHandlerMethodArgumentResolver' (OnClassCondition)

   TaskExecutorConfigurations.SimpleAsyncTaskExecutorBuilderConfiguration#simpleAsyncTaskExecutorBuilderVirtualThreads:
      Did not match:
         - @ConditionalOnMissingBean (types: org.springframework.boot.task.SimpleAsyncTaskExecutorBuilder; SearchStrategy: all) found beans of type 'org.springframework.boot.task.SimpleAsyncTaskExecutorBuilder' simpleAsyncTaskExecutorBuilder (OnBeanCondition)

   TaskExecutorConfigurations.TaskExecutorConfiguration#applicationTaskExecutorVirtualThreads:
      Did not match:
         - @ConditionalOnThreading did not find VIRTUAL (OnThreadingCondition)

   TaskSchedulingAutoConfiguration#scheduledBeanLazyInitializationExcludeFilter:
      Did not match:
         - @ConditionalOnBean (names: org.springframework.context.annotation.internalScheduledAnnotationProcessor; SearchStrategy: all) did not find any beans named org.springframework.context.annotation.internalScheduledAnnotationProcessor (OnBeanCondition)

   TaskSchedulingConfigurations.SimpleAsyncTaskSchedulerBuilderConfiguration#simpleAsyncTaskSchedulerBuilderVirtualThreads:
      Did not match:
         - @ConditionalOnMissingBean (types: org.springframework.boot.task.SimpleAsyncTaskSchedulerBuilder; SearchStrategy: all) found beans of type 'org.springframework.boot.task.SimpleAsyncTaskSchedulerBuilder' simpleAsyncTaskSchedulerBuilder (OnBeanCondition)

   TaskSchedulingConfigurations.TaskSchedulerConfiguration:
      Did not match:
         - @ConditionalOnBean (names: org.springframework.context.annotation.internalScheduledAnnotationProcessor; SearchStrategy: all) did not find any beans named org.springframework.context.annotation.internalScheduledAnnotationProcessor (OnBeanCondition)

   ThymeleafAutoConfiguration:
      Did not match:
         - @ConditionalOnClass did not find required class 'org.thymeleaf.spring6.SpringTemplateEngine' (OnClassCondition)

   TransactionAutoConfiguration:
      Did not match:
         - @ConditionalOnClass did not find required class 'org.springframework.transaction.PlatformTransactionManager' (OnClassCondition)

   TransactionManagerCustomizationAutoConfiguration:
      Did not match:
         - @ConditionalOnClass did not find required class 'org.springframework.transaction.PlatformTransactionManager' (OnClassCondition)

   UserDetailsServiceAutoConfiguration:
      Did not match:
         - @ConditionalOnClass did not find required class 'org.springframework.security.authentication.AuthenticationManager' (OnClassCondition)

   ValidationAutoConfiguration:
      Did not match:
         - @ConditionalOnClass did not find required class 'jakarta.validation.executable.ExecutableValidator' (OnClassCondition)

   WebClientAutoConfiguration:
      Did not match:
         - @ConditionalOnClass did not find required class 'org.springframework.web.reactive.function.client.WebClient' (OnClassCondition)

   WebFluxAutoConfiguration:
      Did not match:
         - @ConditionalOnClass did not find required class 'org.springframework.web.reactive.config.WebFluxConfigurer' (OnClassCondition)

   WebMvcAutoConfiguration#hiddenHttpMethodFilter:
      Did not match:
         - @ConditionalOnProperty (spring.mvc.hiddenmethod.filter.enabled) did not find property 'enabled' (OnPropertyCondition)

   WebMvcAutoConfiguration.ProblemDetailsErrorHandlingConfiguration:
      Did not match:
         - @ConditionalOnProperty (spring.mvc.problemdetails.enabled=true) did not find property 'enabled' (OnPropertyCondition)

   WebMvcAutoConfiguration.ResourceChainCustomizerConfiguration:
      Did not match:
         - @ConditionalOnEnabledResourceChain did not find class org.webjars.WebJarAssetLocator (OnEnabledResourceChainCondition)

   WebMvcAutoConfiguration.WebMvcAutoConfigurationAdapter#beanNameViewResolver:
      Did not match:
         - @ConditionalOnMissingBean (types: org.springframework.web.servlet.view.BeanNameViewResolver; SearchStrategy: all) found beans of type 'org.springframework.web.servlet.view.BeanNameViewResolver' beanNameViewResolver (OnBeanCondition)

   WebServiceTemplateAutoConfiguration:
      Did not match:
         - @ConditionalOnClass did not find required class 'org.springframework.oxm.Marshaller' (OnClassCondition)

   WebServicesAutoConfiguration:
      Did not match:
         - @ConditionalOnClass did not find required class 'org.springframework.ws.transport.http.MessageDispatcherServlet' (OnClassCondition)

   WebSessionIdResolverAutoConfiguration:
      Did not match:
         - @ConditionalOnClass did not find required class 'reactor.core.publisher.Mono' (OnClassCondition)

   WebSocketMessagingAutoConfiguration:
      Did not match:
         - @ConditionalOnClass did not find required class 'org.springframework.web.socket.config.annotation.WebSocketMessageBrokerConfigurer' (OnClassCondition)

   WebSocketReactiveAutoConfiguration:
      Did not match:
         - @ConditionalOnWebApplication did not find reactive web application classes (OnWebApplicationCondition)

   WebSocketServletAutoConfiguration.JettyWebSocketConfiguration:
      Did not match:
         - @ConditionalOnClass did not find required class 'org.eclipse.jetty.ee10.websocket.jakarta.server.config.JakartaWebSocketServletContainerInitializer' (OnClassCondition)

   WebSocketServletAutoConfiguration.UndertowWebSocketConfiguration:
      Did not match:
         - @ConditionalOnClass did not find required class 'io.undertow.websockets.jsr.Bootstrap' (OnClassCondition)

   XADataSourceAutoConfiguration:
      Did not match:
         - @ConditionalOnClass did not find required class 'jakarta.transaction.TransactionManager' (OnClassCondition)


Exclusions:
-----------

    None


Unconditional classes:
----------------------

    org.springframework.boot.autoconfigure.context.ConfigurationPropertiesAutoConfiguration

    org.springframework.boot.autoconfigure.ssl.SslAutoConfiguration

    org.springframework.boot.autoconfigure.context.LifecycleAutoConfiguration

    org.springframework.boot.autoconfigure.context.PropertyPlaceholderAutoConfiguration

    org.springframework.boot.autoconfigure.availability.ApplicationAvailabilityAutoConfiguration

    org.springframework.boot.autoconfigure.info.ProjectInfoAutoConfiguration



22:54:20.311 [Test worker] INFO  hello.core.CoreApplicationTests -- Started CoreApplicationTests in 1.52 seconds (process running for 2.745)
22:54:20.312 [Test worker] DEBUG o.s.b.a.ApplicationAvailabilityBean -- Application availability state LivenessState changed to CORRECT
22:54:20.315 [Test worker] DEBUG o.s.b.a.ApplicationAvailabilityBean -- Application availability state ReadinessState changed to ACCEPTING_TRAFFIC
22:54:20.319 [Test worker] DEBUG o.springframework.test.context.cache -- Spring test ApplicationContext cache statistics: [DefaultContextCache@713a35c5 size = 1, maxSize = 32, parentContextCount = 0, hitCount = 0, missCount = 1, failureCount = 0]
22:54:20.320 [Test worker] DEBUG o.s.t.c.w.ServletTestExecutionListener -- Setting up MockHttpServletRequest, MockHttpServletResponse, ServletWebRequest, and RequestContextHolder for test class hello.core.CoreApplicationTests
22:54:20.337 [Test worker] DEBUG o.s.t.c.s.DependencyInjectionTestExecutionListener -- Performing dependency injection for test class hello.core.CoreApplicationTests
22:54:20.338 [Test worker] DEBUG o.springframework.test.context.cache -- Spring test ApplicationContext cache statistics: [DefaultContextCache@713a35c5 size = 1, maxSize = 32, parentContextCount = 0, hitCount = 1, missCount = 1, failureCount = 0]
22:54:20.339 [Test worker] DEBUG o.springframework.test.context.cache -- Spring test ApplicationContext cache statistics: [DefaultContextCache@713a35c5 size = 1, maxSize = 32, parentContextCount = 0, hitCount = 2, missCount = 1, failureCount = 0]
22:54:20.344 [Test worker] DEBUG o.s.t.c.s.DirtiesContextBeforeModesTestExecutionListener -- Before test method: class [CoreApplicationTests], method [contextLoads], class annotated with @DirtiesContext [false] with mode [null], method annotated with @DirtiesContext [false] with mode [null]
22:54:20.345 [Test worker] DEBUG o.springframework.test.context.cache -- Spring test ApplicationContext cache statistics: [DefaultContextCache@713a35c5 size = 1, maxSize = 32, parentContextCount = 0, hitCount = 3, missCount = 1, failureCount = 0]
22:54:20.346 [Test worker] DEBUG o.springframework.test.context.cache -- Spring test ApplicationContext cache statistics: [DefaultContextCache@713a35c5 size = 1, maxSize = 32, parentContextCount = 0, hitCount = 4, missCount = 1, failureCount = 0]
22:54:21.308 [Test worker] DEBUG o.springframework.test.context.cache -- Spring test ApplicationContext cache statistics: [DefaultContextCache@713a35c5 size = 1, maxSize = 32, parentContextCount = 0, hitCount = 5, missCount = 1, failureCount = 0]
22:54:21.315 [Test worker] DEBUG o.springframework.test.context.cache -- Spring test ApplicationContext cache statistics: [DefaultContextCache@713a35c5 size = 1, maxSize = 32, parentContextCount = 0, hitCount = 6, missCount = 1, failureCount = 0]
22:54:21.317 [Test worker] DEBUG o.springframework.test.context.cache -- Spring test ApplicationContext cache statistics: [DefaultContextCache@713a35c5 size = 1, maxSize = 32, parentContextCount = 0, hitCount = 7, missCount = 1, failureCount = 0]
22:54:21.319 [Test worker] DEBUG o.springframework.test.context.cache -- Spring test ApplicationContext cache statistics: [DefaultContextCache@713a35c5 size = 1, maxSize = 32, parentContextCount = 0, hitCount = 8, missCount = 1, failureCount = 0]
22:54:21.319 [Test worker] DEBUG o.springframework.test.context.cache -- Spring test ApplicationContext cache statistics: [DefaultContextCache@713a35c5 size = 1, maxSize = 32, parentContextCount = 0, hitCount = 9, missCount = 1, failureCount = 0]
22:54:21.320 [Test worker] DEBUG o.springframework.test.context.cache -- Spring test ApplicationContext cache statistics: [DefaultContextCache@713a35c5 size = 1, maxSize = 32, parentContextCount = 0, hitCount = 10, missCount = 1, failureCount = 0]
22:54:21.322 [Test worker] DEBUG o.springframework.test.context.cache -- Spring test ApplicationContext cache statistics: [DefaultContextCache@713a35c5 size = 1, maxSize = 32, parentContextCount = 0, hitCount = 11, missCount = 1, failureCount = 0]
22:54:21.322 [Test worker] DEBUG o.s.t.c.s.DirtiesContextTestExecutionListener -- After test method: class [CoreApplicationTests], method [contextLoads], class annotated with @DirtiesContext [false] with mode [null], method annotated with @DirtiesContext [false] with mode [null]
22:54:21.323 [Test worker] DEBUG o.s.t.c.w.ServletTestExecutionListener -- Resetting RequestContextHolder for test class hello.core.CoreApplicationTests
22:54:21.331 [Test worker] DEBUG o.springframework.test.context.cache -- Spring test ApplicationContext cache statistics: [DefaultContextCache@713a35c5 size = 1, maxSize = 32, parentContextCount = 0, hitCount = 12, missCount = 1, failureCount = 0]
22:54:21.332 [Test worker] DEBUG o.s.t.c.s.DirtiesContextTestExecutionListener -- After test class: class [CoreApplicationTests], class annotated with @DirtiesContext [false] with mode [null]
]]></system-out>
  <system-err><![CDATA[]]></system-err>
</testsuite>
